<?xml version="1.0" encoding="utf-8"?>
<TestRun id="caf2fa60-1065-418a-b6b6-1139a403fad3" name="@capybara 2026-04-09 15:55:25" xmlns="http://microsoft.com/schemas/VisualStudio/TeamTest/2010">
  <Times creation="2026-04-09T15:55:25.2091937+01:00" queuing="2026-04-09T15:55:25.2091937+01:00" start="2026-04-09T15:55:24.0240873+01:00" finish="2026-04-09T15:55:38.6751599+01:00" />
  <TestSettings name="default" id="4046c265-534b-44b0-948d-d8da93217a8d">
    <Deployment runDeploymentRoot="_capybara_2026-04-09_15_55_25" />
  </TestSettings>
  <Results>
    <UnitTestResult executionId="d4e265fb-8cd1-4905-82f0-3838addb53c8" testId="ee1a29c7-5207-bdc5-50f1-6b0b1a65dff0" testName="Can evaluate C# files, unimplemented(&quot;Threads.cs&quot;)" computerName="capybara" duration="00:00:00.0010490" startTime="2026-04-09T15:55:25.0913122+01:00" endTime="2026-04-09T15:55:25.0923609+01:00" testType="13cdc9d9-ddb5-4fa4-a97d-d965ccfc6d4b" outcome="NotExecuted" testListId="8c84fa94-04c1-424b-9868-57a2d4851a1d" relativeResultsDirectory="d4e265fb-8cd1-4905-82f0-3838addb53c8">
      <Output>
        <StdOut>OneTimeSetUp:</StdOut>
        <ErrorInfo>
          <Message>OneTimeSetUp: </Message>
        </ErrorInfo>
      </Output>
    </UnitTestResult>
    <UnitTestResult executionId="b0b5b8cf-4ce6-4e2f-8c4a-7201d831c5e2" testId="dda6a726-4245-50eb-ac9d-7978d2e5b2f8" testName="concretizing the same nominal type twice is idempotent" computerName="capybara" duration="00:00:00.4139700" startTime="2026-04-09T15:55:24.2971401+01:00" endTime="2026-04-09T15:55:24.7110898+01:00" testType="13cdc9d9-ddb5-4fa4-a97d-d965ccfc6d4b" outcome="Passed" testListId="8c84fa94-04c1-424b-9868-57a2d4851a1d" relativeResultsDirectory="b0b5b8cf-4ce6-4e2f-8c4a-7201d831c5e2" />
    <UnitTestResult executionId="5aebf292-27d3-4059-b9a4-05210ee362db" testId="d4f649a2-aabd-9557-a093-91c423ac65cd" testName="Can evaluate C# files, unimplemented(&quot;AdvancedStructLayout.cs&quot;)" computerName="capybara" duration="00:00:00.0010360" startTime="2026-04-09T15:55:25.0913122+01:00" endTime="2026-04-09T15:55:25.0923485+01:00" testType="13cdc9d9-ddb5-4fa4-a97d-d965ccfc6d4b" outcome="NotExecuted" testListId="8c84fa94-04c1-424b-9868-57a2d4851a1d" relativeResultsDirectory="5aebf292-27d3-4059-b9a4-05210ee362db">
      <Output>
        <StdOut>OneTimeSetUp:</StdOut>
        <ErrorInfo>
          <Message>OneTimeSetUp: </Message>
        </ErrorInfo>
      </Output>
    </UnitTestResult>
    <UnitTestResult executionId="d183e8f8-436f-4dbb-912d-bf7ef9578ee4" testId="445169d3-5122-86ae-9043-f0c695bde406" testName="Custom exit code tests([ExceptionWithNoOpFinally.cs, 3])" computerName="capybara" duration="00:00:13.3851289" startTime="2026-04-09T15:55:25.0924199+01:00" endTime="2026-04-09T15:55:38.4775487+01:00" testType="13cdc9d9-ddb5-4fa4-a97d-d965ccfc6d4b" outcome="Passed" testListId="8c84fa94-04c1-424b-9868-57a2d4851a1d" relativeResultsDirectory="d183e8f8-436f-4dbb-912d-bf7ef9578ee4" />
    <UnitTestResult executionId="532793c8-3a6b-4af1-8488-af6cf1b600b9" testId="7b95808a-999d-41c8-b895-858cca8b1121" testName="Standard tests(&quot;Sizeof.cs&quot;)" computerName="capybara" duration="00:00:13.3857810" startTime="2026-04-09T15:55:25.0925844+01:00" endTime="2026-04-09T15:55:38.4783651+01:00" testType="13cdc9d9-ddb5-4fa4-a97d-d965ccfc6d4b" outcome="Passed" testListId="8c84fa94-04c1-424b-9868-57a2d4851a1d" relativeResultsDirectory="532793c8-3a6b-4af1-8488-af6cf1b600b9" />
    <UnitTestResult executionId="0e7948da-a9db-45b4-b5ce-bb1883f7fda7" testId="e095adb3-63a4-5601-a36e-5bee294a1ae1" testName="Standard tests(&quot;ComparisonOperations.cs&quot;)" computerName="capybara" duration="00:00:13.3946650" startTime="2026-04-09T15:55:25.0924416+01:00" endTime="2026-04-09T15:55:38.4871066+01:00" testType="13cdc9d9-ddb5-4fa4-a97d-d965ccfc6d4b" outcome="Passed" testListId="8c84fa94-04c1-424b-9868-57a2d4851a1d" relativeResultsDirectory="0e7948da-a9db-45b4-b5ce-bb1883f7fda7" />
    <UnitTestResult executionId="d8c4c18b-a2ad-4d43-8277-d6527d1b85d7" testId="d5570558-c554-0064-6740-cdf44442787f" testName="generic instantiation uses resolved nominal identity for uniqueness" computerName="capybara" duration="00:00:00.0548970" startTime="2026-04-09T15:55:24.7451626+01:00" endTime="2026-04-09T15:55:24.8000598+01:00" testType="13cdc9d9-ddb5-4fa4-a97d-d965ccfc6d4b" outcome="Passed" testListId="8c84fa94-04c1-424b-9868-57a2d4851a1d" relativeResultsDirectory="d8c4c18b-a2ad-4d43-8277-d6527d1b85d7" />
    <UnitTestResult executionId="bb354a87-b1b2-4a4c-b434-49b5a696b30a" testId="f5ae55af-9294-a83b-4b79-e8c651cb4a80" testName="distinct nested identities produce distinct concrete type handles" computerName="capybara" duration="00:00:00.0334800" startTime="2026-04-09T15:55:24.7116530+01:00" endTime="2026-04-09T15:55:24.7451330+01:00" testType="13cdc9d9-ddb5-4fa4-a97d-d965ccfc6d4b" outcome="Passed" testListId="8c84fa94-04c1-424b-9868-57a2d4851a1d" relativeResultsDirectory="bb354a87-b1b2-4a4c-b434-49b5a696b30a" />
    <UnitTestResult executionId="b4124720-f53b-4200-9e10-17832cd40a0d" testId="071ff458-9cd1-7c49-4c12-105043faa72a" testName="Can evaluate C# files, unimplemented(&quot;UnsafeAs.cs&quot;)" computerName="capybara" duration="00:00:00.0010490" startTime="2026-04-09T15:55:25.0913122+01:00" endTime="2026-04-09T15:55:25.0923616+01:00" testType="13cdc9d9-ddb5-4fa4-a97d-d965ccfc6d4b" outcome="NotExecuted" testListId="8c84fa94-04c1-424b-9868-57a2d4851a1d" relativeResultsDirectory="b4124720-f53b-4200-9e10-17832cd40a0d">
      <Output>
        <StdOut>OneTimeSetUp:</StdOut>
        <ErrorInfo>
          <Message>OneTimeSetUp: </Message>
        </ErrorInfo>
      </Output>
    </UnitTestResult>
    <UnitTestResult executionId="c6ea6f1b-6b84-47fb-89bf-a61d45c6da85" testId="31192d6e-7415-a10f-f6a6-b32f2f448acb" testName="Custom exit code tests([ExceptionWithNoOpCatch.cs, 10])" computerName="capybara" duration="00:00:13.3915160" startTime="2026-04-09T15:55:25.0924192+01:00" endTime="2026-04-09T15:55:38.4839355+01:00" testType="13cdc9d9-ddb5-4fa4-a97d-d965ccfc6d4b" outcome="Passed" testListId="8c84fa94-04c1-424b-9868-57a2d4851a1d" relativeResultsDirectory="c6ea6f1b-6b84-47fb-89bf-a61d45c6da85" />
    <UnitTestResult executionId="78333dbc-b0da-4f87-b276-f0db15fd7488" testId="ce27155c-63f9-c546-2e8c-fb911f0b6ad3" testName="Custom exit code tests([TriangleNumber.cs, 10])" computerName="capybara" duration="00:00:13.3857440" startTime="2026-04-09T15:55:25.0924289+01:00" endTime="2026-04-09T15:55:38.4781730+01:00" testType="13cdc9d9-ddb5-4fa4-a97d-d965ccfc6d4b" outcome="Passed" testListId="8c84fa94-04c1-424b-9868-57a2d4851a1d" relativeResultsDirectory="78333dbc-b0da-4f87-b276-f0db15fd7488" />
    <UnitTestResult executionId="1499c9e0-5bed-4fc2-ac49-e36672746647" testId="b1bea3c1-21ac-1102-bc2d-9fabc601e2db" testName="Standard tests(&quot;ArgumentOrdering.cs&quot;)" computerName="capybara" duration="00:00:13.3902710" startTime="2026-04-09T15:55:25.0924382+01:00" endTime="2026-04-09T15:55:38.4827095+01:00" testType="13cdc9d9-ddb5-4fa4-a97d-d965ccfc6d4b" outcome="Passed" testListId="8c84fa94-04c1-424b-9868-57a2d4851a1d" relativeResultsDirectory="1499c9e0-5bed-4fc2-ac49-e36672746647" />
    <UnitTestResult executionId="bb6bed9c-fdbb-4b47-9337-56ee92258836" testId="89726853-2454-6cc4-da3d-9f4221af3184" testName="Standard tests(&quot;InterfaceDispatch.cs&quot;)" computerName="capybara" duration="00:00:13.4207370" startTime="2026-04-09T15:55:25.0924524+01:00" endTime="2026-04-09T15:55:38.5131892+01:00" testType="13cdc9d9-ddb5-4fa4-a97d-d965ccfc6d4b" outcome="Passed" testListId="8c84fa94-04c1-424b-9868-57a2d4851a1d" relativeResultsDirectory="bb6bed9c-fdbb-4b47-9337-56ee92258836" />
    <UnitTestResult executionId="c22a6543-fba0-42a5-b7e3-c54957879854" testId="4ee3dacd-173e-2d77-3839-8de9f7c1518d" testName="Standard tests(&quot;TestShl.cs&quot;)" computerName="capybara" duration="00:00:13.3851070" startTime="2026-04-09T15:55:25.0926377+01:00" endTime="2026-04-09T15:55:38.4777447+01:00" testType="13cdc9d9-ddb5-4fa4-a97d-d965ccfc6d4b" outcome="Passed" testListId="8c84fa94-04c1-424b-9868-57a2d4851a1d" relativeResultsDirectory="c22a6543-fba0-42a5-b7e3-c54957879854" />
    <UnitTestResult executionId="6f5aa3bb-db4f-4709-b85d-de3d172eec4a" testId="608010af-ceec-77fe-0040-6a160387afdb" testName="Standard tests(&quot;Ldind.cs&quot;)" computerName="capybara" duration="00:00:13.4072800" startTime="2026-04-09T15:55:25.0924715+01:00" endTime="2026-04-09T15:55:38.4997518+01:00" testType="13cdc9d9-ddb5-4fa4-a97d-d965ccfc6d4b" outcome="Passed" testListId="8c84fa94-04c1-424b-9868-57a2d4851a1d" relativeResultsDirectory="6f5aa3bb-db4f-4709-b85d-de3d172eec4a" />
    <UnitTestResult executionId="ad413fe7-6616-45f6-b95a-7692401c8ced" testId="95f4e0cf-70a0-f938-79ce-83e6df6fde6e" testName="Standard tests(&quot;Sizeof2.cs&quot;)" computerName="capybara" duration="00:00:13.3860910" startTime="2026-04-09T15:55:25.0925879+01:00" endTime="2026-04-09T15:55:38.4786793+01:00" testType="13cdc9d9-ddb5-4fa4-a97d-d965ccfc6d4b" outcome="Passed" testListId="8c84fa94-04c1-424b-9868-57a2d4851a1d" relativeResultsDirectory="ad413fe7-6616-45f6-b95a-7692401c8ced" />
    <UnitTestResult executionId="5ea70dde-1c7b-4768-ba78-37f21cbe18b3" testId="8cb9e397-8752-eb34-9eaf-6f0df70c4b10" testName="Can evaluate C# files, unimplemented(&quot;GenericEdgeCases.cs&quot;)" computerName="capybara" duration="00:00:00.0010450" startTime="2026-04-09T15:55:25.0913122+01:00" endTime="2026-04-09T15:55:25.0923576+01:00" testType="13cdc9d9-ddb5-4fa4-a97d-d965ccfc6d4b" outcome="NotExecuted" testListId="8c84fa94-04c1-424b-9868-57a2d4851a1d" relativeResultsDirectory="5ea70dde-1c7b-4768-ba78-37f21cbe18b3">
      <Output>
        <StdOut>OneTimeSetUp:</StdOut>
        <ErrorInfo>
          <Message>OneTimeSetUp: </Message>
        </ErrorInfo>
      </Output>
    </UnitTestResult>
    <UnitTestResult executionId="bd4cd748-f3d5-4a9a-b8c1-264c8f6ae793" testId="9c970466-07e4-d1a4-000e-9f93cb4a8437" testName="Standard tests(&quot;TestOr.cs&quot;)" computerName="capybara" duration="00:00:13.3835750" startTime="2026-04-09T15:55:25.0926428+01:00" endTime="2026-04-09T15:55:38.4762172+01:00" testType="13cdc9d9-ddb5-4fa4-a97d-d965ccfc6d4b" outcome="Passed" testListId="8c84fa94-04c1-424b-9868-57a2d4851a1d" relativeResultsDirectory="bd4cd748-f3d5-4a9a-b8c1-264c8f6ae793" />
    <UnitTestResult executionId="d2e17bb9-f158-4af0-9cb3-2f5aa8504c17" testId="180fdef1-afd5-9a44-0721-cea6e2eb6e1e" testName="ModuleRef resolution fails explicitly" computerName="capybara" duration="00:00:00.0462290" startTime="2026-04-09T15:55:24.8000825+01:00" endTime="2026-04-09T15:55:24.8463112+01:00" testType="13cdc9d9-ddb5-4fa4-a97d-d965ccfc6d4b" outcome="Passed" testListId="8c84fa94-04c1-424b-9868-57a2d4851a1d" relativeResultsDirectory="d2e17bb9-f158-4af0-9cb3-2f5aa8504c17" />
    <UnitTestResult executionId="3d2529b7-8782-44ed-86c6-0a08b246374c" testId="89c4fa86-581d-1982-b698-06fb3cbcbb45" testName="Standard tests(&quot;TestShr.cs&quot;)" computerName="capybara" duration="00:00:13.3850980" startTime="2026-04-09T15:55:25.0926471+01:00" endTime="2026-04-09T15:55:38.4777447+01:00" testType="13cdc9d9-ddb5-4fa4-a97d-d965ccfc6d4b" outcome="Passed" testListId="8c84fa94-04c1-424b-9868-57a2d4851a1d" relativeResultsDirectory="3d2529b7-8782-44ed-86c6-0a08b246374c" />
    <UnitTestResult executionId="99b14ed5-6149-412e-b10f-e280ffa034d5" testId="e106d16b-5e92-daa3-ec35-616b28fa8275" testName="Can evaluate C# files, unimplemented(&quot;OverlappingStructs.cs&quot;)" computerName="capybara" duration="00:00:00.0010480" startTime="2026-04-09T15:55:25.0913122+01:00" endTime="2026-04-09T15:55:25.0923598+01:00" testType="13cdc9d9-ddb5-4fa4-a97d-d965ccfc6d4b" outcome="NotExecuted" testListId="8c84fa94-04c1-424b-9868-57a2d4851a1d" relativeResultsDirectory="99b14ed5-6149-412e-b10f-e280ffa034d5">
      <Output>
        <StdOut>OneTimeSetUp:</StdOut>
        <ErrorInfo>
          <Message>OneTimeSetUp: </Message>
        </ErrorInfo>
      </Output>
    </UnitTestResult>
    <UnitTestResult executionId="181509dd-6bb5-4099-8dae-4d3f812347cd" testId="3bc3bad5-7042-a5f5-7410-21267f631c00" testName="Can evaluate C# files, unimplemented(&quot;CrossAssemblyTypes.cs&quot;)" computerName="capybara" duration="00:00:00.0010450" startTime="2026-04-09T15:55:25.0913122+01:00" endTime="2026-04-09T15:55:25.0923568+01:00" testType="13cdc9d9-ddb5-4fa4-a97d-d965ccfc6d4b" outcome="NotExecuted" testListId="8c84fa94-04c1-424b-9868-57a2d4851a1d" relativeResultsDirectory="181509dd-6bb5-4099-8dae-4d3f812347cd">
      <Output>
        <StdOut>OneTimeSetUp:</StdOut>
        <ErrorInfo>
          <Message>OneTimeSetUp: </Message>
        </ErrorInfo>
      </Output>
    </UnitTestResult>
    <UnitTestResult executionId="e51f865c-b519-4fee-ae07-58adffa8b8a7" testId="1e579322-52c0-1aef-7993-edf3133ea730" testName="Standard tests(&quot;StaticVariables.cs&quot;)" computerName="capybara" duration="00:00:13.3977460" startTime="2026-04-09T15:55:25.0926362+01:00" endTime="2026-04-09T15:55:38.4903822+01:00" testType="13cdc9d9-ddb5-4fa4-a97d-d965ccfc6d4b" outcome="Passed" testListId="8c84fa94-04c1-424b-9868-57a2d4851a1d" relativeResultsDirectory="e51f865c-b519-4fee-ae07-58adffa8b8a7" />
    <UnitTestResult executionId="cda32b41-4457-41d7-b29e-bf4754d66b1a" testId="7758fa16-30c7-ef70-112e-83b37992b27a" testName="Standard tests(&quot;TypeConcretization.cs&quot;)" computerName="capybara" duration="00:00:13.4024070" startTime="2026-04-09T15:55:25.0926485+01:00" endTime="2026-04-09T15:55:38.4950551+01:00" testType="13cdc9d9-ddb5-4fa4-a97d-d965ccfc6d4b" outcome="Failed" testListId="8c84fa94-04c1-424b-9868-57a2d4851a1d" relativeResultsDirectory="cda32b41-4457-41d7-b29e-bf4754d66b1a">
      <Output>
        <StdErr>WoofWare.PawPrint.IlMachineStateModule [Information]: Loading assembly from file /nix/store/14xvbmg1ajvz8g1rkqf4yvbdhdw999cs-dotnet-sdk-9.0.312/share/dotnet/shared/Microsoft.NETCore.App/9.0.14/System.Private.CoreLib.dll

WoofWare.PawPrint.AbstractMachine [Information]: Executing one step (index 0, max 0, in method Program.Main): Nullary Ret

Program [Information]: Main method class now initialised

WoofWare.PawPrint.AbstractMachine [Information]: Executing one step (index 0, max 103, in method Program.Main): Nullary Nop

Program [Information]: Executed one step; active assembly: PawPrintTestAssembly

WoofWare.PawPrint.AbstractMachine [Information]: Executing one step (index 1, max 103, in method Program.Main): UnaryMetadataToken.Call

Program [Information]: Executed one step; active assembly: PawPrintTestAssembly

WoofWare.PawPrint.AbstractMachine [Information]: Executing one step (index 0, max 73, in method BasicTypeTest.TestBasicTypes): Nullary Nop

Program [Information]: Executed one step; active assembly: PawPrintTestAssembly

WoofWare.PawPrint.AbstractMachine [Information]: Executing one step (index 1, max 73, in method BasicTypeTest.TestBasicTypes): UnaryConst.Ldc_I4_s 42

Program [Information]: Executed one step; active assembly: PawPrintTestAssembly

WoofWare.PawPrint.AbstractMachine [Information]: Executing one step (index 3, max 73, in method BasicTypeTest.TestBasicTypes): Nullary Stloc_0

Program [Information]: Executed one step; active assembly: PawPrintTestAssembly

WoofWare.PawPrint.AbstractMachine [Information]: Executing one step (index 4, max 73, in method BasicTypeTest.TestBasicTypes): UnaryStringToken.Ldstr

Program [Information]: Executed one step; active assembly: PawPrintTestAssembly

WoofWare.PawPrint.AbstractMachine [Information]: Executing one step (index 9, max 73, in method BasicTypeTest.TestBasicTypes): Nullary Stloc_1

Program [Information]: Executed one step; active assembly: PawPrintTestAssembly

WoofWare.PawPrint.AbstractMachine [Information]: Executing one step (index 10, max 73, in method BasicTypeTest.TestBasicTypes): Nullary LdcI4_1

Program [Information]: Executed one step; active assembly: PawPrintTestAssembly

WoofWare.PawPrint.AbstractMachine [Information]: Executing one step (index 11, max 73, in method BasicTypeTest.TestBasicTypes): Nullary Stloc_2

Program [Information]: Executed one step; active assembly: PawPrintTestAssembly

WoofWare.PawPrint.AbstractMachine [Information]: Executing one step (index 12, max 73, in method BasicTypeTest.TestBasicTypes): Nullary Ldloc_0

Program [Information]: Executed one step; active assembly: PawPrintTestAssembly

WoofWare.PawPrint.AbstractMachine [Information]: Executing one step (index 13, max 73, in method BasicTypeTest.TestBasicTypes): UnaryConst.Ldc_I4_s 42

Program [Information]: Executed one step; active assembly: PawPrintTestAssembly

WoofWare.PawPrint.AbstractMachine [Information]: Executing one step (index 15, max 73, in method BasicTypeTest.TestBasicTypes): Nullary Ceq

Program [Information]: Executed one step; active assembly: PawPrintTestAssembly

WoofWare.PawPrint.AbstractMachine [Information]: Executing one step (index 17, max 73, in method BasicTypeTest.TestBasicTypes): Nullary LdcI4_0

Program [Information]: Executed one step; active assembly: PawPrintTestAssembly

WoofWare.PawPrint.AbstractMachine [Information]: Executing one step (index 18, max 73, in method BasicTypeTest.TestBasicTypes): Nullary Ceq

Program [Information]: Executed one step; active assembly: PawPrintTestAssembly

WoofWare.PawPrint.AbstractMachine [Information]: Executing one step (index 20, max 73, in method BasicTypeTest.TestBasicTypes): Nullary Stloc_3

Program [Information]: Executed one step; active assembly: PawPrintTestAssembly

WoofWare.PawPrint.AbstractMachine [Information]: Executing one step (index 21, max 73, in method BasicTypeTest.TestBasicTypes): Nullary Ldloc_3

Program [Information]: Executed one step; active assembly: PawPrintTestAssembly

WoofWare.PawPrint.AbstractMachine [Information]: Executing one step (index 22, max 73, in method BasicTypeTest.TestBasicTypes): UnaryConst.Brfalse_s 5

Program [Information]: Executed one step; active assembly: PawPrintTestAssembly

WoofWare.PawPrint.AbstractMachine [Information]: Executing one step (index 29, max 73, in method BasicTypeTest.TestBasicTypes): Nullary Ldloc_1

Program [Information]: Executed one step; active assembly: PawPrintTestAssembly

WoofWare.PawPrint.AbstractMachine [Information]: Executing one step (index 30, max 73, in method BasicTypeTest.TestBasicTypes): UnaryStringToken.Ldstr

Program [Information]: Executed one step; active assembly: PawPrintTestAssembly

WoofWare.PawPrint.AbstractMachine [Information]: Executing one step (index 35, max 73, in method BasicTypeTest.TestBasicTypes): UnaryMetadataToken.Call

Program [Information]: Executed one step; active assembly: System.Private.CoreLib

WoofWare.PawPrint.AbstractMachine [Information]: Executing one step (index 0, max 10, in method String.op_Inequality): Nullary LdArg0

Program [Information]: Executed one step; active assembly: System.Private.CoreLib

WoofWare.PawPrint.AbstractMachine [Information]: Executing one step (index 1, max 10, in method String.op_Inequality): Nullary LdArg1

Program [Information]: Executed one step; active assembly: System.Private.CoreLib

WoofWare.PawPrint.AbstractMachine [Information]: Executing one step (index 2, max 10, in method String.op_Inequality): UnaryMetadataToken.Call

Program [Information]: Executed one step; active assembly: System.Private.CoreLib

WoofWare.PawPrint.AbstractMachine [Information]: Executing one step (index 7, max 10, in method String.op_Inequality): Nullary LdcI4_0

Program [Information]: Executed one step; active assembly: System.Private.CoreLib

WoofWare.PawPrint.AbstractMachine [Information]: Executing one step (index 8, max 10, in method String.op_Inequality): Nullary Ceq

Program [Information]: Executed one step; active assembly: System.Private.CoreLib

WoofWare.PawPrint.AbstractMachine [Information]: Executing one step (index 10, max 10, in method String.op_Inequality): Nullary Ret

Program [Information]: Executed one step; active assembly: PawPrintTestAssembly

WoofWare.PawPrint.AbstractMachine [Information]: Executing one step (index 40, max 73, in method BasicTypeTest.TestBasicTypes): UnaryConst.Stloc_s 5

Program [Information]: Executed one step; active assembly: PawPrintTestAssembly

WoofWare.PawPrint.AbstractMachine [Information]: Executing one step (index 42, max 73, in method BasicTypeTest.TestBasicTypes): UnaryConst.Ldloc_s 5

Program [Information]: Executed one step; active assembly: PawPrintTestAssembly

WoofWare.PawPrint.AbstractMachine [Information]: Executing one step (index 44, max 73, in method BasicTypeTest.TestBasicTypes): UnaryConst.Brfalse_s 5

Program [Information]: Executed one step; active assembly: PawPrintTestAssembly

WoofWare.PawPrint.AbstractMachine [Information]: Executing one step (index 51, max 73, in method BasicTypeTest.TestBasicTypes): Nullary Ldloc_2

Program [Information]: Executed one step; active assembly: PawPrintTestAssembly

WoofWare.PawPrint.AbstractMachine [Information]: Executing one step (index 52, max 73, in method BasicTypeTest.TestBasicTypes): Nullary LdcI4_0

Program [Information]: Executed one step; active assembly: PawPrintTestAssembly

WoofWare.PawPrint.AbstractMachine [Information]: Executing one step (index 53, max 73, in method BasicTypeTest.TestBasicTypes): Nullary Ceq

Program [Information]: Executed one step; active assembly: PawPrintTestAssembly

WoofWare.PawPrint.AbstractMachine [Information]: Executing one step (index 55, max 73, in method BasicTypeTest.TestBasicTypes): UnaryConst.Stloc_s 6

Program [Information]: Executed one step; active assembly: PawPrintTestAssembly

WoofWare.PawPrint.AbstractMachine [Information]: Executing one step (index 57, max 73, in method BasicTypeTest.TestBasicTypes): UnaryConst.Ldloc_s 6

Program [Information]: Executed one step; active assembly: PawPrintTestAssembly

WoofWare.PawPrint.AbstractMachine [Information]: Executing one step (index 59, max 73, in method BasicTypeTest.TestBasicTypes): UnaryConst.Brfalse_s 5

Program [Information]: Executed one step; active assembly: PawPrintTestAssembly

WoofWare.PawPrint.AbstractMachine [Information]: Executing one step (index 66, max 73, in method BasicTypeTest.TestBasicTypes): Nullary LdcI4_0

Program [Information]: Executed one step; active assembly: PawPrintTestAssembly

WoofWare.PawPrint.AbstractMachine [Information]: Executing one step (index 67, max 73, in method BasicTypeTest.TestBasicTypes): UnaryConst.Stloc_s 4

Program [Information]: Executed one step; active assembly: PawPrintTestAssembly

WoofWare.PawPrint.AbstractMachine [Information]: Executing one step (index 69, max 73, in method BasicTypeTest.TestBasicTypes): UnaryConst.Br_s 0

Program [Information]: Executed one step; active assembly: PawPrintTestAssembly

WoofWare.PawPrint.AbstractMachine [Information]: Executing one step (index 71, max 73, in method BasicTypeTest.TestBasicTypes): UnaryConst.Ldloc_s 4

Program [Information]: Executed one step; active assembly: PawPrintTestAssembly

WoofWare.PawPrint.AbstractMachine [Information]: Executing one step (index 73, max 73, in method BasicTypeTest.TestBasicTypes): Nullary Ret

Program [Information]: Executed one step; active assembly: PawPrintTestAssembly

WoofWare.PawPrint.AbstractMachine [Information]: Executing one step (index 6, max 103, in method Program.Main): Nullary Stloc_0

Program [Information]: Executed one step; active assembly: PawPrintTestAssembly

WoofWare.PawPrint.AbstractMachine [Information]: Executing one step (index 7, max 103, in method Program.Main): Nullary Ldloc_0

Program [Information]: Executed one step; active assembly: PawPrintTestAssembly

WoofWare.PawPrint.AbstractMachine [Information]: Executing one step (index 8, max 103, in method Program.Main): Nullary LdcI4_0

Program [Information]: Executed one step; active assembly: PawPrintTestAssembly

WoofWare.PawPrint.AbstractMachine [Information]: Executing one step (index 9, max 103, in method Program.Main): Nullary Cgt_un

Program [Information]: Executed one step; active assembly: PawPrintTestAssembly

WoofWare.PawPrint.AbstractMachine [Information]: Executing one step (index 11, max 103, in method Program.Main): Nullary Stloc_1

Program [Information]: Executed one step; active assembly: PawPrintTestAssembly

WoofWare.PawPrint.AbstractMachine [Information]: Executing one step (index 12, max 103, in method Program.Main): Nullary Ldloc_1

Program [Information]: Executed one step; active assembly: PawPrintTestAssembly

WoofWare.PawPrint.AbstractMachine [Information]: Executing one step (index 13, max 103, in method Program.Main): UnaryConst.Brfalse_s 7

Program [Information]: Executed one step; active assembly: PawPrintTestAssembly

WoofWare.PawPrint.AbstractMachine [Information]: Executing one step (index 22, max 103, in method Program.Main): UnaryMetadataToken.Call

Program [Information]: Executed one step; active assembly: PawPrintTestAssembly

WoofWare.PawPrint.AbstractMachine [Information]: Executing one step (index 0, max 72, in method GenericTypeTest`1.TestGenericInstantiation): Nullary Nop

Program [Information]: Executed one step; active assembly: PawPrintTestAssembly

WoofWare.PawPrint.AbstractMachine [Information]: Executing one step (index 1, max 72, in method GenericTypeTest`1.TestGenericInstantiation): UnaryConst.Ldc_I4_s 123

Program [Information]: Executed one step; active assembly: PawPrintTestAssembly

WoofWare.PawPrint.AbstractMachine [Information]: Executing one step (index 3, max 72, in method GenericTypeTest`1.TestGenericInstantiation): UnaryMetadataToken.Newobj

Program [Information]: Executed one step; active assembly: PawPrintTestAssembly

WoofWare.PawPrint.AbstractMachine [Information]: Executing one step (index 0, max 15, in method GenericTypeTest`1..ctor): Nullary LdArg0

Program [Information]: Executed one step; active assembly: PawPrintTestAssembly

WoofWare.PawPrint.AbstractMachine [Information]: Executing one step (index 1, max 15, in method GenericTypeTest`1..ctor): UnaryMetadataToken.Call

Program [Information]: Executed one step; active assembly: System.Private.CoreLib

WoofWare.PawPrint.AbstractMachine [Information]: Executing one step (index 0, max 0, in method Object..ctor): Nullary Ret

Program [Information]: Executed one step; active assembly: PawPrintTestAssembly

WoofWare.PawPrint.AbstractMachine [Information]: Executing one step (index 6, max 15, in method GenericTypeTest`1..ctor): Nullary Nop

Program [Information]: Executed one step; active assembly: PawPrintTestAssembly

WoofWare.PawPrint.AbstractMachine [Information]: Executing one step (index 7, max 15, in method GenericTypeTest`1..ctor): Nullary Nop

Program [Information]: Executed one step; active assembly: PawPrintTestAssembly

WoofWare.PawPrint.AbstractMachine [Information]: Executing one step (index 8, max 15, in method GenericTypeTest`1..ctor): Nullary LdArg0

Program [Information]: Executed one step; active assembly: PawPrintTestAssembly

WoofWare.PawPrint.AbstractMachine [Information]: Executing one step (index 9, max 15, in method GenericTypeTest`1..ctor): Nullary LdArg1

Program [Information]: Executed one step; active assembly: PawPrintTestAssembly

WoofWare.PawPrint.AbstractMachine [Information]: Executing one step (index 10, max 15, in method GenericTypeTest`1..ctor): UnaryMetadataToken.Stfld

Stfld [Information]: Storing in object field PawPrintTestAssembly.GenericTypeTest`1.value (type &lt;type param 0&gt;)

Program [Information]: Executed one step; active assembly: PawPrintTestAssembly

WoofWare.PawPrint.AbstractMachine [Information]: Executing one step (index 15, max 15, in method GenericTypeTest`1..ctor): Nullary Ret

Program [Information]: Executed one step; active assembly: PawPrintTestAssembly

WoofWare.PawPrint.AbstractMachine [Information]: Executing one step (index 8, max 72, in method GenericTypeTest`1.TestGenericInstantiation): Nullary Stloc_0

Program [Information]: Executed one step; active assembly: PawPrintTestAssembly

WoofWare.PawPrint.AbstractMachine [Information]: Executing one step (index 9, max 72, in method GenericTypeTest`1.TestGenericInstantiation): UnaryStringToken.Ldstr

Program [Information]: Executed one step; active assembly: PawPrintTestAssembly

WoofWare.PawPrint.AbstractMachine [Information]: Executing one step (index 14, max 72, in method GenericTypeTest`1.TestGenericInstantiation): UnaryMetadataToken.Newobj

Program [Information]: Executed one step; active assembly: PawPrintTestAssembly

WoofWare.PawPrint.AbstractMachine [Information]: Executing one step (index 0, max 15, in method GenericTypeTest`1..ctor): Nullary LdArg0

Program [Information]: Executed one step; active assembly: PawPrintTestAssembly

WoofWare.PawPrint.AbstractMachine [Information]: Executing one step (index 1, max 15, in method GenericTypeTest`1..ctor): UnaryMetadataToken.Call

Program [Information]: Executed one step; active assembly: System.Private.CoreLib

WoofWare.PawPrint.AbstractMachine [Information]: Executing one step (index 0, max 0, in method Object..ctor): Nullary Ret

Program [Information]: Executed one step; active assembly: PawPrintTestAssembly

WoofWare.PawPrint.AbstractMachine [Information]: Executing one step (index 6, max 15, in method GenericTypeTest`1..ctor): Nullary Nop

Program [Information]: Executed one step; active assembly: PawPrintTestAssembly

WoofWare.PawPrint.AbstractMachine [Information]: Executing one step (index 7, max 15, in method GenericTypeTest`1..ctor): Nullary Nop

Program [Information]: Executed one step; active assembly: PawPrintTestAssembly

WoofWare.PawPrint.AbstractMachine [Information]: Executing one step (index 8, max 15, in method GenericTypeTest`1..ctor): Nullary LdArg0

Program [Information]: Executed one step; active assembly: PawPrintTestAssembly

WoofWare.PawPrint.AbstractMachine [Information]: Executing one step (index 9, max 15, in method GenericTypeTest`1..ctor): Nullary LdArg1

Program [Information]: Executed one step; active assembly: PawPrintTestAssembly

WoofWare.PawPrint.AbstractMachine [Information]: Executing one step (index 10, max 15, in method GenericTypeTest`1..ctor): UnaryMetadataToken.Stfld

Stfld [Information]: Storing in object field PawPrintTestAssembly.GenericTypeTest`1.value (type &lt;type param 0&gt;)

Program [Information]: Executed one step; active assembly: PawPrintTestAssembly

WoofWare.PawPrint.AbstractMachine [Information]: Executing one step (index 15, max 15, in method GenericTypeTest`1..ctor): Nullary Ret

Program [Information]: Executed one step; active assembly: PawPrintTestAssembly

WoofWare.PawPrint.AbstractMachine [Information]: Executing one step (index 19, max 72, in method GenericTypeTest`1.TestGenericInstantiation): Nullary Stloc_1

Program [Information]: Executed one step; active assembly: PawPrintTestAssembly

WoofWare.PawPrint.AbstractMachine [Information]: Executing one step (index 20, max 72, in method GenericTypeTest`1.TestGenericInstantiation): Nullary Ldloc_0

Program [Information]: Executed one step; active assembly: PawPrintTestAssembly

WoofWare.PawPrint.AbstractMachine [Information]: Executing one step (index 21, max 72, in method GenericTypeTest`1.TestGenericInstantiation): UnaryMetadataToken.Callvirt

Program [Information]: Executed one step; active assembly: PawPrintTestAssembly

WoofWare.PawPrint.AbstractMachine [Information]: Executing one step (index 0, max 11, in method GenericTypeTest`1.GetValue): Nullary Nop

Program [Information]: Executed one step; active assembly: PawPrintTestAssembly

WoofWare.PawPrint.AbstractMachine [Information]: Executing one step (index 1, max 11, in method GenericTypeTest`1.GetValue): Nullary LdArg0

Program [Information]: Executed one step; active assembly: PawPrintTestAssembly

WoofWare.PawPrint.AbstractMachine [Information]: Executing one step (index 2, max 11, in method GenericTypeTest`1.GetValue): UnaryMetadataToken.Ldfld

Ldfld [Information]: Loading object field PawPrintTestAssembly.GenericTypeTest`1.value (type &lt;type param 0&gt;)

Program [Information]: Executed one step; active assembly: PawPrintTestAssembly

WoofWare.PawPrint.AbstractMachine [Information]: Executing one step (index 7, max 11, in method GenericTypeTest`1.GetValue): Nullary Stloc_0

Program [Information]: Executed one step; active assembly: PawPrintTestAssembly

WoofWare.PawPrint.AbstractMachine [Information]: Executing one step (index 8, max 11, in method GenericTypeTest`1.GetValue): UnaryConst.Br_s 0

Program [Information]: Executed one step; active assembly: PawPrintTestAssembly

WoofWare.PawPrint.AbstractMachine [Information]: Executing one step (index 10, max 11, in method GenericTypeTest`1.GetValue): Nullary Ldloc_0

Program [Information]: Executed one step; active assembly: PawPrintTestAssembly

WoofWare.PawPrint.AbstractMachine [Information]: Executing one step (index 11, max 11, in method GenericTypeTest`1.GetValue): Nullary Ret

Program [Information]: Executed one step; active assembly: PawPrintTestAssembly

WoofWare.PawPrint.AbstractMachine [Information]: Executing one step (index 26, max 72, in method GenericTypeTest`1.TestGenericInstantiation): UnaryConst.Ldc_I4_s 123

Program [Information]: Executed one step; active assembly: PawPrintTestAssembly

WoofWare.PawPrint.AbstractMachine [Information]: Executing one step (index 28, max 72, in method GenericTypeTest`1.TestGenericInstantiation): Nullary Ceq

Program [Information]: Executed one step; active assembly: PawPrintTestAssembly

WoofWare.PawPrint.AbstractMachine [Information]: Executing one step (index 30, max 72, in method GenericTypeTest`1.TestGenericInstantiation): Nullary LdcI4_0

Program [Information]: Executed one step; active assembly: PawPrintTestAssembly

WoofWare.PawPrint.AbstractMachine [Information]: Executing one step (index 31, max 72, in method GenericTypeTest`1.TestGenericInstantiation): Nullary Ceq

Program [Information]: Executed one step; active assembly: PawPrintTestAssembly

WoofWare.PawPrint.AbstractMachine [Information]: Executing one step (index 33, max 72, in method GenericTypeTest`1.TestGenericInstantiation): Nullary Stloc_2

Program [Information]: Executed one step; active assembly: PawPrintTestAssembly

WoofWare.PawPrint.AbstractMachine [Information]: Executing one step (index 34, max 72, in method GenericTypeTest`1.TestGenericInstantiation): Nullary Ldloc_2

Program [Information]: Executed one step; active assembly: PawPrintTestAssembly

WoofWare.PawPrint.AbstractMachine [Information]: Executing one step (index 35, max 72, in method GenericTypeTest`1.TestGenericInstantiation): UnaryConst.Brfalse_s 4

Program [Information]: Executed one step; active assembly: PawPrintTestAssembly

WoofWare.PawPrint.AbstractMachine [Information]: Executing one step (index 41, max 72, in method GenericTypeTest`1.TestGenericInstantiation): Nullary Ldloc_1

Program [Information]: Executed one step; active assembly: PawPrintTestAssembly

WoofWare.PawPrint.AbstractMachine [Information]: Executing one step (index 42, max 72, in method GenericTypeTest`1.TestGenericInstantiation): UnaryMetadataToken.Callvirt

Program [Information]: Executed one step; active assembly: PawPrintTestAssembly

WoofWare.PawPrint.AbstractMachine [Information]: Executing one step (index 0, max 11, in method GenericTypeTest`1.GetValue): Nullary Nop

Program [Information]: Executed one step; active assembly: PawPrintTestAssembly

WoofWare.PawPrint.AbstractMachine [Information]: Executing one step (index 1, max 11, in method GenericTypeTest`1.GetValue): Nullary LdArg0

Program [Information]: Executed one step; active assembly: PawPrintTestAssembly

WoofWare.PawPrint.AbstractMachine [Information]: Executing one step (index 2, max 11, in method GenericTypeTest`1.GetValue): UnaryMetadataToken.Ldfld

Ldfld [Information]: Loading object field PawPrintTestAssembly.GenericTypeTest`1.value (type &lt;type param 0&gt;)

Program [Information]: Executed one step; active assembly: PawPrintTestAssembly

WoofWare.PawPrint.AbstractMachine [Information]: Executing one step (index 7, max 11, in method GenericTypeTest`1.GetValue): Nullary Stloc_0

Program [Information]: Executed one step; active assembly: PawPrintTestAssembly

WoofWare.PawPrint.AbstractMachine [Information]: Executing one step (index 8, max 11, in method GenericTypeTest`1.GetValue): UnaryConst.Br_s 0

Program [Information]: Executed one step; active assembly: PawPrintTestAssembly

WoofWare.PawPrint.AbstractMachine [Information]: Executing one step (index 10, max 11, in method GenericTypeTest`1.GetValue): Nullary Ldloc_0

Program [Information]: Executed one step; active assembly: PawPrintTestAssembly

WoofWare.PawPrint.AbstractMachine [Information]: Executing one step (index 11, max 11, in method GenericTypeTest`1.GetValue): Nullary Ret

Program [Information]: Executed one step; active assembly: PawPrintTestAssembly

WoofWare.PawPrint.AbstractMachine [Information]: Executing one step (index 47, max 72, in method GenericTypeTest`1.TestGenericInstantiation): UnaryStringToken.Ldstr

Program [Information]: Executed one step; active assembly: PawPrintTestAssembly

WoofWare.PawPrint.AbstractMachine [Information]: Executing one step (index 52, max 72, in method GenericTypeTest`1.TestGenericInstantiation): UnaryMetadataToken.Call

Program [Information]: Executed one step; active assembly: System.Private.CoreLib

WoofWare.PawPrint.AbstractMachine [Information]: Executing one step (index 0, max 10, in method String.op_Inequality): Nullary LdArg0

Program [Information]: Executed one step; active assembly: System.Private.CoreLib

WoofWare.PawPrint.AbstractMachine [Information]: Executing one step (index 1, max 10, in method String.op_Inequality): Nullary LdArg1

Program [Information]: Executed one step; active assembly: System.Private.CoreLib

WoofWare.PawPrint.AbstractMachine [Information]: Executing one step (index 2, max 10, in method String.op_Inequality): UnaryMetadataToken.Call

Program [Information]: Executed one step; active assembly: System.Private.CoreLib

WoofWare.PawPrint.AbstractMachine [Information]: Executing one step (index 7, max 10, in method String.op_Inequality): Nullary LdcI4_0

Program [Information]: Executed one step; active assembly: System.Private.CoreLib

WoofWare.PawPrint.AbstractMachine [Information]: Executing one step (index 8, max 10, in method String.op_Inequality): Nullary Ceq

Program [Information]: Executed one step; active assembly: System.Private.CoreLib

WoofWare.PawPrint.AbstractMachine [Information]: Executing one step (index 10, max 10, in method String.op_Inequality): Nullary Ret

Program [Information]: Executed one step; active assembly: PawPrintTestAssembly

WoofWare.PawPrint.AbstractMachine [Information]: Executing one step (index 57, max 72, in method GenericTypeTest`1.TestGenericInstantiation): UnaryConst.Stloc_s 4

Program [Information]: Executed one step; active assembly: PawPrintTestAssembly

WoofWare.PawPrint.AbstractMachine [Information]: Executing one step (index 59, max 72, in method GenericTypeTest`1.TestGenericInstantiation): UnaryConst.Ldloc_s 4

Program [Information]: Executed one step; active assembly: PawPrintTestAssembly

WoofWare.PawPrint.AbstractMachine [Information]: Executing one step (index 61, max 72, in method GenericTypeTest`1.TestGenericInstantiation): UnaryConst.Brfalse_s 4

Program [Information]: Executed one step; active assembly: PawPrintTestAssembly

WoofWare.PawPrint.AbstractMachine [Information]: Executing one step (index 67, max 72, in method GenericTypeTest`1.TestGenericInstantiation): Nullary LdcI4_0

Program [Information]: Executed one step; active assembly: PawPrintTestAssembly

WoofWare.PawPrint.AbstractMachine [Information]: Executing one step (index 68, max 72, in method GenericTypeTest`1.TestGenericInstantiation): Nullary Stloc_3

Program [Information]: Executed one step; active assembly: PawPrintTestAssembly

WoofWare.PawPrint.AbstractMachine [Information]: Executing one step (index 69, max 72, in method GenericTypeTest`1.TestGenericInstantiation): UnaryConst.Br_s 0

Program [Information]: Executed one step; active assembly: PawPrintTestAssembly

WoofWare.PawPrint.AbstractMachine [Information]: Executing one step (index 71, max 72, in method GenericTypeTest`1.TestGenericInstantiation): Nullary Ldloc_3

Program [Information]: Executed one step; active assembly: PawPrintTestAssembly

WoofWare.PawPrint.AbstractMachine [Information]: Executing one step (index 72, max 72, in method GenericTypeTest`1.TestGenericInstantiation): Nullary Ret

Program [Information]: Executed one step; active assembly: PawPrintTestAssembly

WoofWare.PawPrint.AbstractMachine [Information]: Executing one step (index 27, max 103, in method Program.Main): Nullary Stloc_0

Program [Information]: Executed one step; active assembly: PawPrintTestAssembly

WoofWare.PawPrint.AbstractMachine [Information]: Executing one step (index 28, max 103, in method Program.Main): Nullary Ldloc_0

Program [Information]: Executed one step; active assembly: PawPrintTestAssembly

WoofWare.PawPrint.AbstractMachine [Information]: Executing one step (index 29, max 103, in method Program.Main): Nullary LdcI4_0

Program [Information]: Executed one step; active assembly: PawPrintTestAssembly

WoofWare.PawPrint.AbstractMachine [Information]: Executing one step (index 30, max 103, in method Program.Main): Nullary Cgt_un

Program [Information]: Executed one step; active assembly: PawPrintTestAssembly

WoofWare.PawPrint.AbstractMachine [Information]: Executing one step (index 32, max 103, in method Program.Main): Nullary Stloc_3

Program [Information]: Executed one step; active assembly: PawPrintTestAssembly

WoofWare.PawPrint.AbstractMachine [Information]: Executing one step (index 33, max 103, in method Program.Main): Nullary Ldloc_3

Program [Information]: Executed one step; active assembly: PawPrintTestAssembly

WoofWare.PawPrint.AbstractMachine [Information]: Executing one step (index 34, max 103, in method Program.Main): UnaryConst.Brfalse_s 10

Program [Information]: Executed one step; active assembly: PawPrintTestAssembly

WoofWare.PawPrint.AbstractMachine [Information]: Executing one step (index 46, max 103, in method Program.Main): UnaryMetadataToken.Call</StdErr>
        <ErrorInfo>
          <Message>System.IndexOutOfRangeException : Index was outside the bounds of the array.</Message>
          <StackTrace>   at System.Collections.Immutable.ImmutableArray`1.get_Item(Int32 index)
   at WoofWare.PawPrint.Assembly.applyGenericArgs@485.Invoke(Tuple`2 tupledArg) in /home/patrick/Documents/GitHub/WoofWare.PawPrint/WoofWare.PawPrint.Domain/Assembly.fs:line 485
   at WoofWare.PawPrint.TypeInfo.mapGeneric[a,b,field](FSharpFunc`2 f, TypeInfo`2 t) in /home/patrick/Documents/GitHub/WoofWare.PawPrint/WoofWare.PawPrint.Domain/TypeInfo.fs:line 237
   at WoofWare.PawPrint.Assembly.applyGenericArgs(ImmutableArray`1 genericArgs, TypeInfo`2 ty) in /home/patrick/Documents/GitHub/WoofWare.PawPrint/WoofWare.PawPrint.Domain/Assembly.fs:line 485
   at WoofWare.PawPrint.Assembly.resolveDefinedType(ImmutableArray`1 genericArgs, DumpedAssembly assy, TypeInfo`2 ty) in /home/patrick/Documents/GitHub/WoofWare.PawPrint/WoofWare.PawPrint.Domain/Assembly.fs:line 493
   at WoofWare.PawPrint.Assembly.resolveTopLevelTypeInAssembly(ImmutableDictionary`2 assemblies, ImmutableArray`1 genericArgs, DumpedAssembly assy, FSharpOption`1 ns, String name) in /home/patrick/Documents/GitHub/WoofWare.PawPrint/WoofWare.PawPrint.Domain/Assembly.fs:line 538
   at WoofWare.PawPrint.Assembly.resolveTypeRef(ImmutableDictionary`2 assemblies, DumpedAssembly referencedInAssembly, ImmutableArray`1 genericArgs, TypeRef target) in /home/patrick/Documents/GitHub/WoofWare.PawPrint/WoofWare.PawPrint.Domain/Assembly.fs:line 660
   at WoofWare.PawPrint.TypeConcretization.loadAssemblyAndResolveTypeRef[corelib](IAssemblyLoad loadAssembly, ConcretizationContext`1 ctx, AssemblyName currentAssembly, TypeRef typeRef) in /home/patrick/Documents/GitHub/WoofWare.PawPrint/WoofWare.PawPrint.Domain/TypeConcretisation.fs:line 466
   at WoofWare.PawPrint.TypeConcretization.concretizeGenericInstantiation(ConcretizationContext`1 ctx, IAssemblyLoad loadAssembly, AssemblyName assembly, ImmutableArray`1 typeGenerics, ImmutableArray`1 methodGenerics, TypeDefn genericDef, ImmutableArray`1 args) in /home/patrick/Documents/GitHub/WoofWare.PawPrint/WoofWare.PawPrint.Domain/TypeConcretisation.fs:line 764
   at WoofWare.PawPrint.TypeConcretization.concretizeType(ConcretizationContext`1 ctx, IAssemblyLoad loadAssembly, AssemblyName assembly, ImmutableArray`1 typeGenerics, ImmutableArray`1 methodGenerics, TypeDefn typeDefn) in /home/patrick/Documents/GitHub/WoofWare.PawPrint/WoofWare.PawPrint.Domain/TypeConcretisation.fs:line 683
   at WoofWare.PawPrint.Concretization.concretizeTypeArray(ConcretizationContext`1 ctx, IAssemblyLoad loadAssembly, AssemblyName assembly, ImmutableArray`1 typeArgs, ImmutableArray`1 methodArgs, ImmutableArray`1 types) in /home/patrick/Documents/GitHub/WoofWare.PawPrint/WoofWare.PawPrint.Domain/TypeConcretisation.fs:line 830
   at WoofWare.PawPrint.Concretization.concretizeMethod[ty](AllConcreteTypes ctx, IAssemblyLoad loadAssembly, ImmutableDictionary`2 assemblies, BaseClassTypes`1 baseTypes, MethodInfo`3 method, ImmutableArray`1 typeArgs, ImmutableArray`1 methodArgs) in /home/patrick/Documents/GitHub/WoofWare.PawPrint/WoofWare.PawPrint.Domain/TypeConcretisation.fs:line 1026
   at WoofWare.PawPrint.IlMachineStateModule.concretizeMethodWithAllGenerics[ty](ILoggerFactory loggerFactory, BaseClassTypes`1 baseClassTypes, ImmutableArray`1 typeGenerics, MethodInfo`3 methodToCall, ImmutableArray`1 methodGenerics, IlMachineState state) in /home/patrick/Documents/GitHub/WoofWare.PawPrint/WoofWare.PawPrint/IlMachineState.fs:line 797
   at WoofWare.PawPrint.IlMachineStateModule.concretizeMethodWithTypeGenerics[ty](ILoggerFactory loggerFactory, BaseClassTypes`1 baseClassTypes, ImmutableArray`1 typeGenerics, MethodInfo`3 methodToCall, FSharpOption`1 methodGenerics, AssemblyName callingAssembly, ImmutableArray`1 currentExecutingMethodGenerics, IlMachineState state) in /home/patrick/Documents/GitHub/WoofWare.PawPrint/WoofWare.PawPrint/IlMachineState.fs:line 860
   at WoofWare.PawPrint.IlMachineStateModule.concretizeMethodForExecution[ty](ILoggerFactory loggerFactory, BaseClassTypes`1 baseClassTypes, ThreadId thread, MethodInfo`3 methodToCall, FSharpOption`1 methodGenerics, FSharpOption`1 typeArgsFromMetadata, IlMachineState state) in /home/patrick/Documents/GitHub/WoofWare.PawPrint/WoofWare.PawPrint/IlMachineState.fs:line 927
   at WoofWare.PawPrint.UnaryMetadataIlOp.execute(ILoggerFactory loggerFactory, BaseClassTypes`1 baseClassTypes, UnaryMetadataTokenIlOp op, MetadataToken metadataToken, IlMachineState state, ThreadId thread) in /home/patrick/Documents/GitHub/WoofWare.PawPrint/WoofWare.PawPrint/UnaryMetadataIlOp.fs:line 96
   at WoofWare.PawPrint.AbstractMachine.executeOneStep[a](ILoggerFactory loggerFactory, a impls, BaseClassTypes`1 baseClassTypes, IlMachineState state, ThreadId thread) in /home/patrick/Documents/GitHub/WoofWare.PawPrint/WoofWare.PawPrint/AbstractMachine.fs:line 221
   at WoofWare.PawPrint.Program.pumpToReturn[a](ILoggerFactory loggerFactory, ILogger logger, BaseClassTypes`1 baseClassTypes, a impls, ThreadId mainThread, IlMachineState state) in /home/patrick/Documents/GitHub/WoofWare.PawPrint/WoofWare.PawPrint/Program.fs:line 60
   at WoofWare.PawPrint.Program.run[a](ILoggerFactory loggerFactory, FSharpOption`1 originalPath, Stream fileStream, ImmutableArray`1 dotnetRuntimeDirs, a impls, FSharpList`1 argv) in /home/patrick/Documents/GitHub/WoofWare.PawPrint/WoofWare.PawPrint/Program.fs:line 344
   at WoofWare.Pawprint.Test.TestPureCases.runTest(EndToEndTestCase case) in /home/patrick/Documents/GitHub/WoofWare.PawPrint/WoofWare.PawPrint.Test/TestPureCases.fs:line 94
   at WoofWare.Pawprint.Test.TestPureCases.Standard tests(String fileName) in /home/patrick/Documents/GitHub/WoofWare.PawPrint/WoofWare.PawPrint.Test/TestPureCases.fs:line 120
   at InvokeStub_TestPureCases.Standard tests(Object, Span`1)
   at System.Reflection.MethodBaseInvoker.InvokeWithOneArg(Object obj, BindingFlags invokeAttr, Binder binder, Object[] parameters, CultureInfo culture)
1)    at System.Collections.Immutable.ImmutableArray`1.get_Item(Int32 index)
   at WoofWare.PawPrint.Assembly.applyGenericArgs@485.Invoke(Tuple`2 tupledArg) in /home/patrick/Documents/GitHub/WoofWare.PawPrint/WoofWare.PawPrint.Domain/Assembly.fs:line 485
   at WoofWare.PawPrint.TypeInfo.mapGeneric[a,b,field](FSharpFunc`2 f, TypeInfo`2 t) in /home/patrick/Documents/GitHub/WoofWare.PawPrint/WoofWare.PawPrint.Domain/TypeInfo.fs:line 237
   at WoofWare.PawPrint.Assembly.applyGenericArgs(ImmutableArray`1 genericArgs, TypeInfo`2 ty) in /home/patrick/Documents/GitHub/WoofWare.PawPrint/WoofWare.PawPrint.Domain/Assembly.fs:line 485
   at WoofWare.PawPrint.Assembly.resolveDefinedType(ImmutableArray`1 genericArgs, DumpedAssembly assy, TypeInfo`2 ty) in /home/patrick/Documents/GitHub/WoofWare.PawPrint/WoofWare.PawPrint.Domain/Assembly.fs:line 493
   at WoofWare.PawPrint.Assembly.resolveTopLevelTypeInAssembly(ImmutableDictionary`2 assemblies, ImmutableArray`1 genericArgs, DumpedAssembly assy, FSharpOption`1 ns, String name) in /home/patrick/Documents/GitHub/WoofWare.PawPrint/WoofWare.PawPrint.Domain/Assembly.fs:line 538
   at WoofWare.PawPrint.Assembly.resolveTypeRef(ImmutableDictionary`2 assemblies, DumpedAssembly referencedInAssembly, ImmutableArray`1 genericArgs, TypeRef target) in /home/patrick/Documents/GitHub/WoofWare.PawPrint/WoofWare.PawPrint.Domain/Assembly.fs:line 660
   at WoofWare.PawPrint.TypeConcretization.loadAssemblyAndResolveTypeRef[corelib](IAssemblyLoad loadAssembly, ConcretizationContext`1 ctx, AssemblyName currentAssembly, TypeRef typeRef) in /home/patrick/Documents/GitHub/WoofWare.PawPrint/WoofWare.PawPrint.Domain/TypeConcretisation.fs:line 466
   at WoofWare.PawPrint.TypeConcretization.concretizeGenericInstantiation(ConcretizationContext`1 ctx, IAssemblyLoad loadAssembly, AssemblyName assembly, ImmutableArray`1 typeGenerics, ImmutableArray`1 methodGenerics, TypeDefn genericDef, ImmutableArray`1 args) in /home/patrick/Documents/GitHub/WoofWare.PawPrint/WoofWare.PawPrint.Domain/TypeConcretisation.fs:line 764
   at WoofWare.PawPrint.TypeConcretization.concretizeType(ConcretizationContext`1 ctx, IAssemblyLoad loadAssembly, AssemblyName assembly, ImmutableArray`1 typeGenerics, ImmutableArray`1 methodGenerics, TypeDefn typeDefn) in /home/patrick/Documents/GitHub/WoofWare.PawPrint/WoofWare.PawPrint.Domain/TypeConcretisation.fs:line 683
   at WoofWare.PawPrint.Concretization.concretizeTypeArray(ConcretizationContext`1 ctx, IAssemblyLoad loadAssembly, AssemblyName assembly, ImmutableArray`1 typeArgs, ImmutableArray`1 methodArgs, ImmutableArray`1 types) in /home/patrick/Documents/GitHub/WoofWare.PawPrint/WoofWare.PawPrint.Domain/TypeConcretisation.fs:line 830
   at WoofWare.PawPrint.Concretization.concretizeMethod[ty](AllConcreteTypes ctx, IAssemblyLoad loadAssembly, ImmutableDictionary`2 assemblies, BaseClassTypes`1 baseTypes, MethodInfo`3 method, ImmutableArray`1 typeArgs, ImmutableArray`1 methodArgs) in /home/patrick/Documents/GitHub/WoofWare.PawPrint/WoofWare.PawPrint.Domain/TypeConcretisation.fs:line 1026
   at WoofWare.PawPrint.IlMachineStateModule.concretizeMethodWithAllGenerics[ty](ILoggerFactory loggerFactory, BaseClassTypes`1 baseClassTypes, ImmutableArray`1 typeGenerics, MethodInfo`3 methodToCall, ImmutableArray`1 methodGenerics, IlMachineState state) in /home/patrick/Documents/GitHub/WoofWare.PawPrint/WoofWare.PawPrint/IlMachineState.fs:line 797
   at WoofWare.PawPrint.IlMachineStateModule.concretizeMethodWithTypeGenerics[ty](ILoggerFactory loggerFactory, BaseClassTypes`1 baseClassTypes, ImmutableArray`1 typeGenerics, MethodInfo`3 methodToCall, FSharpOption`1 methodGenerics, AssemblyName callingAssembly, ImmutableArray`1 currentExecutingMethodGenerics, IlMachineState state) in /home/patrick/Documents/GitHub/WoofWare.PawPrint/WoofWare.PawPrint/IlMachineState.fs:line 860
   at WoofWare.PawPrint.IlMachineStateModule.concretizeMethodForExecution[ty](ILoggerFactory loggerFactory, BaseClassTypes`1 baseClassTypes, ThreadId thread, MethodInfo`3 methodToCall, FSharpOption`1 methodGenerics, FSharpOption`1 typeArgsFromMetadata, IlMachineState state) in /home/patrick/Documents/GitHub/WoofWare.PawPrint/WoofWare.PawPrint/IlMachineState.fs:line 927
   at WoofWare.PawPrint.UnaryMetadataIlOp.execute(ILoggerFactory loggerFactory, BaseClassTypes`1 baseClassTypes, UnaryMetadataTokenIlOp op, MetadataToken metadataToken, IlMachineState state, ThreadId thread) in /home/patrick/Documents/GitHub/WoofWare.PawPrint/WoofWare.PawPrint/UnaryMetadataIlOp.fs:line 96
   at WoofWare.PawPrint.AbstractMachine.executeOneStep[a](ILoggerFactory loggerFactory, a impls, BaseClassTypes`1 baseClassTypes, IlMachineState state, ThreadId thread) in /home/patrick/Documents/GitHub/WoofWare.PawPrint/WoofWare.PawPrint/AbstractMachine.fs:line 221
   at WoofWare.PawPrint.Program.pumpToReturn[a](ILoggerFactory loggerFactory, ILogger logger, BaseClassTypes`1 baseClassTypes, a impls, ThreadId mainThread, IlMachineState state) in /home/patrick/Documents/GitHub/WoofWare.PawPrint/WoofWare.PawPrint/Program.fs:line 60
   at WoofWare.PawPrint.Program.run[a](ILoggerFactory loggerFactory, FSharpOption`1 originalPath, Stream fileStream, ImmutableArray`1 dotnetRuntimeDirs, a impls, FSharpList`1 argv) in /home/patrick/Documents/GitHub/WoofWare.PawPrint/WoofWare.PawPrint/Program.fs:line 344
   at WoofWare.Pawprint.Test.TestPureCases.runTest(EndToEndTestCase case) in /home/patrick/Documents/GitHub/WoofWare.PawPrint/WoofWare.PawPrint.Test/TestPureCases.fs:line 94
   at WoofWare.Pawprint.Test.TestPureCases.Standard tests(String fileName) in /home/patrick/Documents/GitHub/WoofWare.PawPrint/WoofWare.PawPrint.Test/TestPureCases.fs:line 120
   at InvokeStub_TestPureCases.Standard tests(Object, Span`1)
   at System.Reflection.MethodBaseInvoker.InvokeWithOneArg(Object obj, BindingFlags invokeAttr, Binder binder, Object[] parameters, CultureInfo culture)
</StackTrace>
        </ErrorInfo>
      </Output>
    </UnitTestResult>
    <UnitTestResult executionId="bc153530-bf1a-41bd-954d-09cc2764a96c" testId="cd05f519-9cdb-d772-373e-055aade42c4b" testName="Can evaluate C# files, unimplemented(&quot;InitializeArray.cs&quot;)" computerName="capybara" duration="00:00:00.0010460" startTime="2026-04-09T15:55:25.0913122+01:00" endTime="2026-04-09T15:55:25.0923582+01:00" testType="13cdc9d9-ddb5-4fa4-a97d-d965ccfc6d4b" outcome="NotExecuted" testListId="8c84fa94-04c1-424b-9868-57a2d4851a1d" relativeResultsDirectory="bc153530-bf1a-41bd-954d-09cc2764a96c">
      <Output>
        <StdOut>OneTimeSetUp:</StdOut>
        <ErrorInfo>
          <Message>OneTimeSetUp: </Message>
        </ErrorInfo>
      </Output>
    </UnitTestResult>
    <UnitTestResult executionId="f4ec8443-b446-432f-8252-2c10c420e73d" testId="41926f58-66c4-fc1a-a1df-3707ed5490a8" testName="Standard tests(&quot;Initobj.cs&quot;)" computerName="capybara" duration="00:00:13.4238790" startTime="2026-04-09T15:55:25.0924483+01:00" endTime="2026-04-09T15:55:38.5163273+01:00" testType="13cdc9d9-ddb5-4fa4-a97d-d965ccfc6d4b" outcome="Passed" testListId="8c84fa94-04c1-424b-9868-57a2d4851a1d" relativeResultsDirectory="f4ec8443-b446-432f-8252-2c10c420e73d" />
    <UnitTestResult executionId="39a3707a-9228-43d3-88dc-1b203fa98717" testId="1372c4ee-edd1-fce2-ac40-e46912c5d4ed" testName="Custom exit code tests([CustomDelegate.cs, 8])" computerName="capybara" duration="00:00:13.3928180" startTime="2026-04-09T15:55:25.0924185+01:00" endTime="2026-04-09T15:55:38.4852368+01:00" testType="13cdc9d9-ddb5-4fa4-a97d-d965ccfc6d4b" outcome="Passed" testListId="8c84fa94-04c1-424b-9868-57a2d4851a1d" relativeResultsDirectory="39a3707a-9228-43d3-88dc-1b203fa98717" />
    <UnitTestResult executionId="c6a1a970-df8e-43ea-9d8b-7315ef72396e" testId="6d303ef5-0143-106a-c8aa-9e942c3051e2" testName="Custom exit code tests([NoOp.cs, 1])" computerName="capybara" duration="00:00:13.3818500" startTime="2026-04-09T15:55:25.0924232+01:00" endTime="2026-04-09T15:55:38.4742727+01:00" testType="13cdc9d9-ddb5-4fa4-a97d-d965ccfc6d4b" outcome="Passed" testListId="8c84fa94-04c1-424b-9868-57a2d4851a1d" relativeResultsDirectory="c6a1a970-df8e-43ea-9d8b-7315ef72396e" />
    <UnitTestResult executionId="d648d601-3301-4625-93e3-d0a458998e57" testId="82ef5fa8-6b8b-944f-aad3-490531ec8f4a" testName="Can evaluate C# files, unimplemented(&quot;ComplexTryCatch.cs&quot;)" computerName="capybara" duration="00:00:00.0010430" startTime="2026-04-09T15:55:25.0913122+01:00" endTime="2026-04-09T15:55:25.0923555+01:00" testType="13cdc9d9-ddb5-4fa4-a97d-d965ccfc6d4b" outcome="NotExecuted" testListId="8c84fa94-04c1-424b-9868-57a2d4851a1d" relativeResultsDirectory="d648d601-3301-4625-93e3-d0a458998e57">
      <Output>
        <StdOut>OneTimeSetUp:</StdOut>
        <ErrorInfo>
          <Message>OneTimeSetUp: </Message>
        </ErrorInfo>
      </Output>
    </UnitTestResult>
    <UnitTestResult executionId="4da8e9be-4dac-4cec-bd02-5e5b6d5c6472" testId="01b6a444-2d78-7604-7f81-a327b72e2128" testName="same simple nested names under different parents resolve to distinct identities" computerName="capybara" duration="00:00:00.0577070" startTime="2026-04-09T15:55:24.9754928+01:00" endTime="2026-04-09T15:55:25.0331993+01:00" testType="13cdc9d9-ddb5-4fa4-a97d-d965ccfc6d4b" outcome="Passed" testListId="8c84fa94-04c1-424b-9868-57a2d4851a1d" relativeResultsDirectory="4da8e9be-4dac-4cec-bd02-5e5b6d5c6472" />
    <UnitTestResult executionId="531c5e04-48ae-4083-9aee-94b612f391dd" testId="c81bf362-b014-48b7-a06e-bac0d82ec8d8" testName="Custom exit code tests([TryCatchWithThrowInBody.cs, 4])" computerName="capybara" duration="00:00:13.3993960" startTime="2026-04-09T15:55:25.0924335+01:00" endTime="2026-04-09T15:55:38.4918292+01:00" testType="13cdc9d9-ddb5-4fa4-a97d-d965ccfc6d4b" outcome="Passed" testListId="8c84fa94-04c1-424b-9868-57a2d4851a1d" relativeResultsDirectory="531c5e04-48ae-4083-9aee-94b612f391dd" />
    <UnitTestResult executionId="1000f404-a1b9-4cff-9d63-fecb19b89e29" testId="fe1980b7-1177-9cf0-7a11-0f9c6a202d81" testName="Can evaluate C# files, unimplemented({ FileName = &quot;WriteLine.cs&quot;&#xA;  ExpectedReturnCode = 1&#xA;  NativeImpls =&#xA;   { System_Environment =&#xA;      WoofWare.PawPrint.ExternImplementations.System_Environment+passThru@14&#xA;     System_Threading_Monitor =&#xA;      WoofWare.PawPrint.ExternImplementations.System_Threading_Monitor+passThru@28-1 } })" computerName="capybara" duration="00:00:00.0010030" startTime="2026-04-09T15:55:25.0913461+01:00" endTime="2026-04-09T15:55:25.0923492+01:00" testType="13cdc9d9-ddb5-4fa4-a97d-d965ccfc6d4b" outcome="NotExecuted" testListId="8c84fa94-04c1-424b-9868-57a2d4851a1d" relativeResultsDirectory="1000f404-a1b9-4cff-9d63-fecb19b89e29">
      <Output>
        <StdOut>OneTimeSetUp:</StdOut>
        <ErrorInfo>
          <Message>OneTimeSetUp: </Message>
        </ErrorInfo>
      </Output>
    </UnitTestResult>
    <UnitTestResult executionId="e16b3d95-8428-4a42-bb79-8c41170d5446" testId="1a7d4442-48a8-ce63-4fef-d06887156b28" testName="Custom exit code tests([Threads.cs, 3])" computerName="capybara" duration="00:00:00.0114220" startTime="2026-04-09T15:55:25.0924252+01:00" endTime="2026-04-09T15:55:25.1038474+01:00" testType="13cdc9d9-ddb5-4fa4-a97d-d965ccfc6d4b" outcome="NotExecuted" testListId="8c84fa94-04c1-424b-9868-57a2d4851a1d" relativeResultsDirectory="e16b3d95-8428-4a42-bb79-8c41170d5446" />
    <UnitTestResult executionId="f1c989a7-961f-427d-9e46-e0ee39aa987d" testId="69259666-2bce-15db-83ef-a19d556c068c" testName="Standard tests(&quot;StackOperations.cs&quot;)" computerName="capybara" duration="00:00:13.3906580" startTime="2026-04-09T15:55:25.0926441+01:00" endTime="2026-04-09T15:55:38.4833017+01:00" testType="13cdc9d9-ddb5-4fa4-a97d-d965ccfc6d4b" outcome="Passed" testListId="8c84fa94-04c1-424b-9868-57a2d4851a1d" relativeResultsDirectory="f1c989a7-961f-427d-9e46-e0ee39aa987d" />
    <UnitTestResult executionId="faafafdf-6f50-439b-b2d4-dc9c7e76ff4b" testId="31d1c003-938b-3d0f-a60a-ec5c13d2f018" testName="top-level and nested types with the same simple name remain distinct" computerName="capybara" duration="00:00:00.0544720" startTime="2026-04-09T15:55:25.0332218+01:00" endTime="2026-04-09T15:55:25.0876938+01:00" testType="13cdc9d9-ddb5-4fa4-a97d-d965ccfc6d4b" outcome="Passed" testListId="8c84fa94-04c1-424b-9868-57a2d4851a1d" relativeResultsDirectory="faafafdf-6f50-439b-b2d4-dc9c7e76ff4b" />
    <UnitTestResult executionId="c57ebc97-f43b-4af2-b3e4-26ba1843c5a5" testId="1629d5dc-9cdc-1652-248c-adc0dd59091a" testName="Standard tests(&quot;Floats.cs&quot;)" computerName="capybara" duration="00:00:13.4384690" startTime="2026-04-09T15:55:25.0924426+01:00" endTime="2026-04-09T15:55:38.5309114+01:00" testType="13cdc9d9-ddb5-4fa4-a97d-d965ccfc6d4b" outcome="Passed" testListId="8c84fa94-04c1-424b-9868-57a2d4851a1d" relativeResultsDirectory="c57ebc97-f43b-4af2-b3e4-26ba1843c5a5" />
    <UnitTestResult executionId="fe6e9869-17fa-4ffb-9768-23dc71ae611c" testId="06f6a174-c262-57eb-9673-288a3d8026a9" testName="nested type refs across assemblies resolve through the TypeRef parent chain" computerName="capybara" duration="00:00:00.1291390" startTime="2026-04-09T15:55:24.8463310+01:00" endTime="2026-04-09T15:55:24.9754697+01:00" testType="13cdc9d9-ddb5-4fa4-a97d-d965ccfc6d4b" outcome="Passed" testListId="8c84fa94-04c1-424b-9868-57a2d4851a1d" relativeResultsDirectory="fe6e9869-17fa-4ffb-9768-23dc71ae611c" />
    <UnitTestResult executionId="2152fa86-6267-49c1-83c0-db33ef163976" testId="9ccfab0c-cc06-d5db-c508-10c1e6c675a5" testName="Standard tests(&quot;Ldelema.cs&quot;)" computerName="capybara" duration="00:00:13.3982680" startTime="2026-04-09T15:55:25.0925828+01:00" endTime="2026-04-09T15:55:38.4908512+01:00" testType="13cdc9d9-ddb5-4fa4-a97d-d965ccfc6d4b" outcome="Passed" testListId="8c84fa94-04c1-424b-9868-57a2d4851a1d" relativeResultsDirectory="2152fa86-6267-49c1-83c0-db33ef163976" />
    <UnitTestResult executionId="7bec468c-dae2-452e-8610-24540bc1b0ed" testId="160073ac-5234-a761-3f4f-a553ab6d9637" testName="Can evaluate C# files({ FileName = &quot;InstaQuit.cs&quot;&#xA;  ExpectedReturnCode = 1&#xA;  NativeImpls =&#xA;   { System_Environment = { GetProcessorCount = &lt;fun:cases@39&gt;&#xA;                            _Exit = &lt;fun:cases@45-1&gt; }&#xA;     System_Threading_Monitor = { ReliableEnter = &lt;fun:get_Empty@36-4&gt;&#xA;                                  Exit = &lt;fun:get_Empty@37-6&gt; } } })" computerName="capybara" duration="00:00:13.3854310" startTime="2026-04-09T15:55:25.0913500+01:00" endTime="2026-04-09T15:55:38.4767813+01:00" testType="13cdc9d9-ddb5-4fa4-a97d-d965ccfc6d4b" outcome="Passed" testListId="8c84fa94-04c1-424b-9868-57a2d4851a1d" relativeResultsDirectory="7bec468c-dae2-452e-8610-24540bc1b0ed" />
    <UnitTestResult executionId="89a333a2-6aea-4bcd-8bb5-8a49004b2a70" testId="3bb983e2-dd76-dca9-6a00-662b0dab8244" testName="Tests which require mocks([BasicLock.cs, (1, { System_Environment = { GetProcessorCount = &lt;fun:get_Empty@23&gt;&#xA;                         _Exit = &lt;fun:get_Empty@24-2&gt; }&#xA;  System_Threading_Monitor =&#xA;   WoofWare.PawPrint.ExternImplementations.System_Threading_Monitor+passThru@28-1 })])" computerName="capybara" duration="00:00:13.3740910" startTime="2026-04-09T15:55:25.1038672+01:00" endTime="2026-04-09T15:55:38.4779578+01:00" testType="13cdc9d9-ddb5-4fa4-a97d-d965ccfc6d4b" outcome="Passed" testListId="8c84fa94-04c1-424b-9868-57a2d4851a1d" relativeResultsDirectory="89a333a2-6aea-4bcd-8bb5-8a49004b2a70" />
    <UnitTestResult executionId="7dd2f0f6-de20-4dcd-96d5-1371626e0da1" testId="678a11ab-07a0-bcdc-4652-1c92ff7b4da3" testName="Can evaluate C# files, unimplemented(&quot;ResizeArray.cs&quot;)" computerName="capybara" duration="00:00:00.0010480" startTime="2026-04-09T15:55:25.0913122+01:00" endTime="2026-04-09T15:55:25.0923604+01:00" testType="13cdc9d9-ddb5-4fa4-a97d-d965ccfc6d4b" outcome="NotExecuted" testListId="8c84fa94-04c1-424b-9868-57a2d4851a1d" relativeResultsDirectory="7dd2f0f6-de20-4dcd-96d5-1371626e0da1">
      <Output>
        <StdOut>OneTimeSetUp:</StdOut>
        <ErrorInfo>
          <Message>OneTimeSetUp: </Message>
        </ErrorInfo>
      </Output>
    </UnitTestResult>
    <UnitTestResult executionId="cac98dff-b2f9-4f5e-99a3-cb3ec300acf2" testId="07a6939d-177d-68c7-24f6-09130d211290" testName="Can evaluate C# files, unimplemented(&quot;LdtokenField.cs&quot;)" computerName="capybara" duration="00:00:00.0010470" startTime="2026-04-09T15:55:25.0913122+01:00" endTime="2026-04-09T15:55:25.0923592+01:00" testType="13cdc9d9-ddb5-4fa4-a97d-d965ccfc6d4b" outcome="NotExecuted" testListId="8c84fa94-04c1-424b-9868-57a2d4851a1d" relativeResultsDirectory="cac98dff-b2f9-4f5e-99a3-cb3ec300acf2">
      <Output>
        <StdOut>OneTimeSetUp:</StdOut>
        <ErrorInfo>
          <Message>OneTimeSetUp: </Message>
        </ErrorInfo>
      </Output>
    </UnitTestResult>
    <UnitTestResult executionId="a6f7df2d-f0cd-4115-87f3-4e3a336a4275" testId="9cce2f48-3442-5857-66e6-a1db97441136" testName="Custom exit code tests([ResizeArray.cs, 114])" computerName="capybara" duration="00:00:00.0114250" startTime="2026-04-09T15:55:25.0924228+01:00" endTime="2026-04-09T15:55:25.1038474+01:00" testType="13cdc9d9-ddb5-4fa4-a97d-d965ccfc6d4b" outcome="NotExecuted" testListId="8c84fa94-04c1-424b-9868-57a2d4851a1d" relativeResultsDirectory="a6f7df2d-f0cd-4115-87f3-4e3a336a4275" />
  </Results>
  <TestDefinitions>
    <UnitTest name="Custom exit code tests([ResizeArray.cs, 114])" storage="/home/patrick/documents/github/woofware.pawprint/woofware.pawprint.test/bin/debug/net9.0/woofware.pawprint.test.dll" id="9cce2f48-3442-5857-66e6-a1db97441136">
      <Execution id="a6f7df2d-f0cd-4115-87f3-4e3a336a4275" />
      <TestMethod codeBase="/home/patrick/Documents/GitHub/WoofWare.PawPrint/WoofWare.PawPrint.Test/bin/Debug/net9.0/WoofWare.PawPrint.Test.dll" adapterTypeName="executor://nunit3testexecutor/" className="WoofWare.Pawprint.Test.TestPureCases" name="Custom exit code tests([ResizeArray.cs, 114])" />
    </UnitTest>
    <UnitTest name="Can evaluate C# files, unimplemented(&quot;ComplexTryCatch.cs&quot;)" storage="/home/patrick/documents/github/woofware.pawprint/woofware.pawprint.test/bin/debug/net9.0/woofware.pawprint.test.dll" id="82ef5fa8-6b8b-944f-aad3-490531ec8f4a">
      <Execution id="d648d601-3301-4625-93e3-d0a458998e57" />
      <TestMethod codeBase="/home/patrick/Documents/GitHub/WoofWare.PawPrint/WoofWare.PawPrint.Test/bin/Debug/net9.0/WoofWare.PawPrint.Test.dll" adapterTypeName="executor://nunit3testexecutor/" className="WoofWare.Pawprint.Test.TestPureCases" name="Can evaluate C# files, unimplemented(&quot;ComplexTryCatch.cs&quot;)" />
    </UnitTest>
    <UnitTest name="Can evaluate C# files, unimplemented(&quot;AdvancedStructLayout.cs&quot;)" storage="/home/patrick/documents/github/woofware.pawprint/woofware.pawprint.test/bin/debug/net9.0/woofware.pawprint.test.dll" id="d4f649a2-aabd-9557-a093-91c423ac65cd">
      <Execution id="5aebf292-27d3-4059-b9a4-05210ee362db" />
      <TestMethod codeBase="/home/patrick/Documents/GitHub/WoofWare.PawPrint/WoofWare.PawPrint.Test/bin/Debug/net9.0/WoofWare.PawPrint.Test.dll" adapterTypeName="executor://nunit3testexecutor/" className="WoofWare.Pawprint.Test.TestPureCases" name="Can evaluate C# files, unimplemented(&quot;AdvancedStructLayout.cs&quot;)" />
    </UnitTest>
    <UnitTest name="Custom exit code tests([ExceptionWithNoOpFinally.cs, 3])" storage="/home/patrick/documents/github/woofware.pawprint/woofware.pawprint.test/bin/debug/net9.0/woofware.pawprint.test.dll" id="445169d3-5122-86ae-9043-f0c695bde406">
      <Execution id="d183e8f8-436f-4dbb-912d-bf7ef9578ee4" />
      <TestMethod codeBase="/home/patrick/Documents/GitHub/WoofWare.PawPrint/WoofWare.PawPrint.Test/bin/Debug/net9.0/WoofWare.PawPrint.Test.dll" adapterTypeName="executor://nunit3testexecutor/" className="WoofWare.Pawprint.Test.TestPureCases" name="Custom exit code tests([ExceptionWithNoOpFinally.cs, 3])" />
    </UnitTest>
    <UnitTest name="Standard tests(&quot;Initobj.cs&quot;)" storage="/home/patrick/documents/github/woofware.pawprint/woofware.pawprint.test/bin/debug/net9.0/woofware.pawprint.test.dll" id="41926f58-66c4-fc1a-a1df-3707ed5490a8">
      <Execution id="f4ec8443-b446-432f-8252-2c10c420e73d" />
      <TestMethod codeBase="/home/patrick/Documents/GitHub/WoofWare.PawPrint/WoofWare.PawPrint.Test/bin/Debug/net9.0/WoofWare.PawPrint.Test.dll" adapterTypeName="executor://nunit3testexecutor/" className="WoofWare.Pawprint.Test.TestPureCases" name="Standard tests(&quot;Initobj.cs&quot;)" />
    </UnitTest>
    <UnitTest name="Can evaluate C# files, unimplemented(&quot;OverlappingStructs.cs&quot;)" storage="/home/patrick/documents/github/woofware.pawprint/woofware.pawprint.test/bin/debug/net9.0/woofware.pawprint.test.dll" id="e106d16b-5e92-daa3-ec35-616b28fa8275">
      <Execution id="99b14ed5-6149-412e-b10f-e280ffa034d5" />
      <TestMethod codeBase="/home/patrick/Documents/GitHub/WoofWare.PawPrint/WoofWare.PawPrint.Test/bin/Debug/net9.0/WoofWare.PawPrint.Test.dll" adapterTypeName="executor://nunit3testexecutor/" className="WoofWare.Pawprint.Test.TestPureCases" name="Can evaluate C# files, unimplemented(&quot;OverlappingStructs.cs&quot;)" />
    </UnitTest>
    <UnitTest name="Custom exit code tests([ExceptionWithNoOpCatch.cs, 10])" storage="/home/patrick/documents/github/woofware.pawprint/woofware.pawprint.test/bin/debug/net9.0/woofware.pawprint.test.dll" id="31192d6e-7415-a10f-f6a6-b32f2f448acb">
      <Execution id="c6ea6f1b-6b84-47fb-89bf-a61d45c6da85" />
      <TestMethod codeBase="/home/patrick/Documents/GitHub/WoofWare.PawPrint/WoofWare.PawPrint.Test/bin/Debug/net9.0/WoofWare.PawPrint.Test.dll" adapterTypeName="executor://nunit3testexecutor/" className="WoofWare.Pawprint.Test.TestPureCases" name="Custom exit code tests([ExceptionWithNoOpCatch.cs, 10])" />
    </UnitTest>
    <UnitTest name="Standard tests(&quot;TestShl.cs&quot;)" storage="/home/patrick/documents/github/woofware.pawprint/woofware.pawprint.test/bin/debug/net9.0/woofware.pawprint.test.dll" id="4ee3dacd-173e-2d77-3839-8de9f7c1518d">
      <Execution id="c22a6543-fba0-42a5-b7e3-c54957879854" />
      <TestMethod codeBase="/home/patrick/Documents/GitHub/WoofWare.PawPrint/WoofWare.PawPrint.Test/bin/Debug/net9.0/WoofWare.PawPrint.Test.dll" adapterTypeName="executor://nunit3testexecutor/" className="WoofWare.Pawprint.Test.TestPureCases" name="Standard tests(&quot;TestShl.cs&quot;)" />
    </UnitTest>
    <UnitTest name="Can evaluate C# files, unimplemented(&quot;ResizeArray.cs&quot;)" storage="/home/patrick/documents/github/woofware.pawprint/woofware.pawprint.test/bin/debug/net9.0/woofware.pawprint.test.dll" id="678a11ab-07a0-bcdc-4652-1c92ff7b4da3">
      <Execution id="7dd2f0f6-de20-4dcd-96d5-1371626e0da1" />
      <TestMethod codeBase="/home/patrick/Documents/GitHub/WoofWare.PawPrint/WoofWare.PawPrint.Test/bin/Debug/net9.0/WoofWare.PawPrint.Test.dll" adapterTypeName="executor://nunit3testexecutor/" className="WoofWare.Pawprint.Test.TestPureCases" name="Can evaluate C# files, unimplemented(&quot;ResizeArray.cs&quot;)" />
    </UnitTest>
    <UnitTest name="Standard tests(&quot;TypeConcretization.cs&quot;)" storage="/home/patrick/documents/github/woofware.pawprint/woofware.pawprint.test/bin/debug/net9.0/woofware.pawprint.test.dll" id="7758fa16-30c7-ef70-112e-83b37992b27a">
      <Execution id="cda32b41-4457-41d7-b29e-bf4754d66b1a" />
      <TestMethod codeBase="/home/patrick/Documents/GitHub/WoofWare.PawPrint/WoofWare.PawPrint.Test/bin/Debug/net9.0/WoofWare.PawPrint.Test.dll" adapterTypeName="executor://nunit3testexecutor/" className="WoofWare.Pawprint.Test.TestPureCases" name="Standard tests(&quot;TypeConcretization.cs&quot;)" />
    </UnitTest>
    <UnitTest name="Standard tests(&quot;ComparisonOperations.cs&quot;)" storage="/home/patrick/documents/github/woofware.pawprint/woofware.pawprint.test/bin/debug/net9.0/woofware.pawprint.test.dll" id="e095adb3-63a4-5601-a36e-5bee294a1ae1">
      <Execution id="0e7948da-a9db-45b4-b5ce-bb1883f7fda7" />
      <TestMethod codeBase="/home/patrick/Documents/GitHub/WoofWare.PawPrint/WoofWare.PawPrint.Test/bin/Debug/net9.0/WoofWare.PawPrint.Test.dll" adapterTypeName="executor://nunit3testexecutor/" className="WoofWare.Pawprint.Test.TestPureCases" name="Standard tests(&quot;ComparisonOperations.cs&quot;)" />
    </UnitTest>
    <UnitTest name="generic instantiation uses resolved nominal identity for uniqueness" storage="/home/patrick/documents/github/woofware.pawprint/woofware.pawprint.test/bin/debug/net9.0/woofware.pawprint.test.dll" id="d5570558-c554-0064-6740-cdf44442787f">
      <Execution id="d8c4c18b-a2ad-4d43-8277-d6527d1b85d7" />
      <TestMethod codeBase="/home/patrick/Documents/GitHub/WoofWare.PawPrint/WoofWare.PawPrint.Test/bin/Debug/net9.0/WoofWare.PawPrint.Test.dll" adapterTypeName="executor://nunit3testexecutor/" className="WoofWare.PawPrint.Test.TestTypeResolution" name="generic instantiation uses resolved nominal identity for uniqueness" />
    </UnitTest>
    <UnitTest name="Standard tests(&quot;StaticVariables.cs&quot;)" storage="/home/patrick/documents/github/woofware.pawprint/woofware.pawprint.test/bin/debug/net9.0/woofware.pawprint.test.dll" id="1e579322-52c0-1aef-7993-edf3133ea730">
      <Execution id="e51f865c-b519-4fee-ae07-58adffa8b8a7" />
      <TestMethod codeBase="/home/patrick/Documents/GitHub/WoofWare.PawPrint/WoofWare.PawPrint.Test/bin/Debug/net9.0/WoofWare.PawPrint.Test.dll" adapterTypeName="executor://nunit3testexecutor/" className="WoofWare.Pawprint.Test.TestPureCases" name="Standard tests(&quot;StaticVariables.cs&quot;)" />
    </UnitTest>
    <UnitTest name="Custom exit code tests([Threads.cs, 3])" storage="/home/patrick/documents/github/woofware.pawprint/woofware.pawprint.test/bin/debug/net9.0/woofware.pawprint.test.dll" id="1a7d4442-48a8-ce63-4fef-d06887156b28">
      <Execution id="e16b3d95-8428-4a42-bb79-8c41170d5446" />
      <TestMethod codeBase="/home/patrick/Documents/GitHub/WoofWare.PawPrint/WoofWare.PawPrint.Test/bin/Debug/net9.0/WoofWare.PawPrint.Test.dll" adapterTypeName="executor://nunit3testexecutor/" className="WoofWare.Pawprint.Test.TestPureCases" name="Custom exit code tests([Threads.cs, 3])" />
    </UnitTest>
    <UnitTest name="Standard tests(&quot;Ldind.cs&quot;)" storage="/home/patrick/documents/github/woofware.pawprint/woofware.pawprint.test/bin/debug/net9.0/woofware.pawprint.test.dll" id="608010af-ceec-77fe-0040-6a160387afdb">
      <Execution id="6f5aa3bb-db4f-4709-b85d-de3d172eec4a" />
      <TestMethod codeBase="/home/patrick/Documents/GitHub/WoofWare.PawPrint/WoofWare.PawPrint.Test/bin/Debug/net9.0/WoofWare.PawPrint.Test.dll" adapterTypeName="executor://nunit3testexecutor/" className="WoofWare.Pawprint.Test.TestPureCases" name="Standard tests(&quot;Ldind.cs&quot;)" />
    </UnitTest>
    <UnitTest name="top-level and nested types with the same simple name remain distinct" storage="/home/patrick/documents/github/woofware.pawprint/woofware.pawprint.test/bin/debug/net9.0/woofware.pawprint.test.dll" id="31d1c003-938b-3d0f-a60a-ec5c13d2f018">
      <Execution id="faafafdf-6f50-439b-b2d4-dc9c7e76ff4b" />
      <TestMethod codeBase="/home/patrick/Documents/GitHub/WoofWare.PawPrint/WoofWare.PawPrint.Test/bin/Debug/net9.0/WoofWare.PawPrint.Test.dll" adapterTypeName="executor://nunit3testexecutor/" className="WoofWare.PawPrint.Test.TestTypeResolution" name="top-level and nested types with the same simple name remain distinct" />
    </UnitTest>
    <UnitTest name="Can evaluate C# files, unimplemented(&quot;UnsafeAs.cs&quot;)" storage="/home/patrick/documents/github/woofware.pawprint/woofware.pawprint.test/bin/debug/net9.0/woofware.pawprint.test.dll" id="071ff458-9cd1-7c49-4c12-105043faa72a">
      <Execution id="b4124720-f53b-4200-9e10-17832cd40a0d" />
      <TestMethod codeBase="/home/patrick/Documents/GitHub/WoofWare.PawPrint/WoofWare.PawPrint.Test/bin/Debug/net9.0/WoofWare.PawPrint.Test.dll" adapterTypeName="executor://nunit3testexecutor/" className="WoofWare.Pawprint.Test.TestPureCases" name="Can evaluate C# files, unimplemented(&quot;UnsafeAs.cs&quot;)" />
    </UnitTest>
    <UnitTest name="ModuleRef resolution fails explicitly" storage="/home/patrick/documents/github/woofware.pawprint/woofware.pawprint.test/bin/debug/net9.0/woofware.pawprint.test.dll" id="180fdef1-afd5-9a44-0721-cea6e2eb6e1e">
      <Execution id="d2e17bb9-f158-4af0-9cb3-2f5aa8504c17" />
      <TestMethod codeBase="/home/patrick/Documents/GitHub/WoofWare.PawPrint/WoofWare.PawPrint.Test/bin/Debug/net9.0/WoofWare.PawPrint.Test.dll" adapterTypeName="executor://nunit3testexecutor/" className="WoofWare.PawPrint.Test.TestTypeResolution" name="ModuleRef resolution fails explicitly" />
    </UnitTest>
    <UnitTest name="Standard tests(&quot;Sizeof2.cs&quot;)" storage="/home/patrick/documents/github/woofware.pawprint/woofware.pawprint.test/bin/debug/net9.0/woofware.pawprint.test.dll" id="95f4e0cf-70a0-f938-79ce-83e6df6fde6e">
      <Execution id="ad413fe7-6616-45f6-b95a-7692401c8ced" />
      <TestMethod codeBase="/home/patrick/Documents/GitHub/WoofWare.PawPrint/WoofWare.PawPrint.Test/bin/Debug/net9.0/WoofWare.PawPrint.Test.dll" adapterTypeName="executor://nunit3testexecutor/" className="WoofWare.Pawprint.Test.TestPureCases" name="Standard tests(&quot;Sizeof2.cs&quot;)" />
    </UnitTest>
    <UnitTest name="Custom exit code tests([CustomDelegate.cs, 8])" storage="/home/patrick/documents/github/woofware.pawprint/woofware.pawprint.test/bin/debug/net9.0/woofware.pawprint.test.dll" id="1372c4ee-edd1-fce2-ac40-e46912c5d4ed">
      <Execution id="39a3707a-9228-43d3-88dc-1b203fa98717" />
      <TestMethod codeBase="/home/patrick/Documents/GitHub/WoofWare.PawPrint/WoofWare.PawPrint.Test/bin/Debug/net9.0/WoofWare.PawPrint.Test.dll" adapterTypeName="executor://nunit3testexecutor/" className="WoofWare.Pawprint.Test.TestPureCases" name="Custom exit code tests([CustomDelegate.cs, 8])" />
    </UnitTest>
    <UnitTest name="Standard tests(&quot;ArgumentOrdering.cs&quot;)" storage="/home/patrick/documents/github/woofware.pawprint/woofware.pawprint.test/bin/debug/net9.0/woofware.pawprint.test.dll" id="b1bea3c1-21ac-1102-bc2d-9fabc601e2db">
      <Execution id="1499c9e0-5bed-4fc2-ac49-e36672746647" />
      <TestMethod codeBase="/home/patrick/Documents/GitHub/WoofWare.PawPrint/WoofWare.PawPrint.Test/bin/Debug/net9.0/WoofWare.PawPrint.Test.dll" adapterTypeName="executor://nunit3testexecutor/" className="WoofWare.Pawprint.Test.TestPureCases" name="Standard tests(&quot;ArgumentOrdering.cs&quot;)" />
    </UnitTest>
    <UnitTest name="Can evaluate C# files, unimplemented(&quot;LdtokenField.cs&quot;)" storage="/home/patrick/documents/github/woofware.pawprint/woofware.pawprint.test/bin/debug/net9.0/woofware.pawprint.test.dll" id="07a6939d-177d-68c7-24f6-09130d211290">
      <Execution id="cac98dff-b2f9-4f5e-99a3-cb3ec300acf2" />
      <TestMethod codeBase="/home/patrick/Documents/GitHub/WoofWare.PawPrint/WoofWare.PawPrint.Test/bin/Debug/net9.0/WoofWare.PawPrint.Test.dll" adapterTypeName="executor://nunit3testexecutor/" className="WoofWare.Pawprint.Test.TestPureCases" name="Can evaluate C# files, unimplemented(&quot;LdtokenField.cs&quot;)" />
    </UnitTest>
[...]
        <Text>WoofWare.PawPrint.AbstractMachine [Information]: Executing one step (index 28, max 72, in method GenericTypeTest`1.TestGenericInstantiation): Nullary Ceq</Text>
      </RunInfo>
      <RunInfo computerName="capybara" outcome="Warning" timestamp="2026-04-09T15:55:38.4993360+01:00">
        <Text>Program [Information]: Executed one step; active assembly: PawPrintTestAssembly</Text>
      </RunInfo>
      <RunInfo computerName="capybara" outcome="Warning" timestamp="2026-04-09T15:55:38.4993548+01:00">
        <Text>WoofWare.PawPrint.AbstractMachine [Information]: Executing one step (index 30, max 72, in method GenericTypeTest`1.TestGenericInstantiation): Nullary LdcI4_0</Text>
      </RunInfo>
      <RunInfo computerName="capybara" outcome="Warning" timestamp="2026-04-09T15:55:38.4993735+01:00">
        <Text>Program [Information]: Executed one step; active assembly: PawPrintTestAssembly</Text>
      </RunInfo>
      <RunInfo computerName="capybara" outcome="Warning" timestamp="2026-04-09T15:55:38.4994296+01:00">
        <Text>WoofWare.PawPrint.AbstractMachine [Information]: Executing one step (index 31, max 72, in method GenericTypeTest`1.TestGenericInstantiation): Nullary Ceq</Text>
      </RunInfo>
      <RunInfo computerName="capybara" outcome="Warning" timestamp="2026-04-09T15:55:38.4995083+01:00">
        <Text>Program [Information]: Executed one step; active assembly: PawPrintTestAssembly</Text>
      </RunInfo>
      <RunInfo computerName="capybara" outcome="Warning" timestamp="2026-04-09T15:55:38.4995275+01:00">
        <Text>WoofWare.PawPrint.AbstractMachine [Information]: Executing one step (index 33, max 72, in method GenericTypeTest`1.TestGenericInstantiation): Nullary Stloc_2</Text>
      </RunInfo>
      <RunInfo computerName="capybara" outcome="Warning" timestamp="2026-04-09T15:55:38.4995486+01:00">
        <Text>Program [Information]: Executed one step; active assembly: PawPrintTestAssembly</Text>
      </RunInfo>
      <RunInfo computerName="capybara" outcome="Warning" timestamp="2026-04-09T15:55:38.4995670+01:00">
        <Text>WoofWare.PawPrint.AbstractMachine [Information]: Executing one step (index 34, max 72, in method GenericTypeTest`1.TestGenericInstantiation): Nullary Ldloc_2</Text>
      </RunInfo>
      <RunInfo computerName="capybara" outcome="Warning" timestamp="2026-04-09T15:55:38.4995875+01:00">
        <Text>Program [Information]: Executed one step; active assembly: PawPrintTestAssembly</Text>
      </RunInfo>
      <RunInfo computerName="capybara" outcome="Warning" timestamp="2026-04-09T15:55:38.4996121+01:00">
        <Text>WoofWare.PawPrint.AbstractMachine [Information]: Executing one step (index 35, max 72, in method GenericTypeTest`1.TestGenericInstantiation): UnaryConst.Brfalse_s 4</Text>
      </RunInfo>
      <RunInfo computerName="capybara" outcome="Warning" timestamp="2026-04-09T15:55:38.4996254+01:00">
        <Text>Program [Information]: Executed one step; active assembly: PawPrintTestAssembly</Text>
      </RunInfo>
      <RunInfo computerName="capybara" outcome="Warning" timestamp="2026-04-09T15:55:38.4996476+01:00">
        <Text>WoofWare.PawPrint.AbstractMachine [Information]: Executing one step (index 41, max 72, in method GenericTypeTest`1.TestGenericInstantiation): Nullary Ldloc_1</Text>
      </RunInfo>
      <RunInfo computerName="capybara" outcome="Warning" timestamp="2026-04-09T15:55:38.4996645+01:00">
        <Text>Program [Information]: Executed one step; active assembly: PawPrintTestAssembly</Text>
      </RunInfo>
      <RunInfo computerName="capybara" outcome="Warning" timestamp="2026-04-09T15:55:38.4996864+01:00">
        <Text>WoofWare.PawPrint.AbstractMachine [Information]: Executing one step (index 42, max 72, in method GenericTypeTest`1.TestGenericInstantiation): UnaryMetadataToken.Callvirt</Text>
      </RunInfo>
      <RunInfo computerName="capybara" outcome="Warning" timestamp="2026-04-09T15:55:38.4997092+01:00">
        <Text>Program [Information]: Executed one step; active assembly: PawPrintTestAssembly</Text>
      </RunInfo>
      <RunInfo computerName="capybara" outcome="Warning" timestamp="2026-04-09T15:55:38.4997231+01:00">
        <Text>WoofWare.PawPrint.AbstractMachine [Information]: Executing one step (index 0, max 11, in method GenericTypeTest`1.GetValue): Nullary Nop</Text>
      </RunInfo>
      <RunInfo computerName="capybara" outcome="Warning" timestamp="2026-04-09T15:55:38.4997433+01:00">
        <Text>Program [Information]: Executed one step; active assembly: PawPrintTestAssembly</Text>
      </RunInfo>
      <RunInfo computerName="capybara" outcome="Warning" timestamp="2026-04-09T15:55:38.4997615+01:00">
        <Text>WoofWare.PawPrint.AbstractMachine [Information]: Executing one step (index 1, max 11, in method GenericTypeTest`1.GetValue): Nullary LdArg0</Text>
      </RunInfo>
      <RunInfo computerName="capybara" outcome="Warning" timestamp="2026-04-09T15:55:38.4997832+01:00">
        <Text>Program [Information]: Executed one step; active assembly: PawPrintTestAssembly</Text>
      </RunInfo>
      <RunInfo computerName="capybara" outcome="Warning" timestamp="2026-04-09T15:55:38.4998019+01:00">
        <Text>WoofWare.PawPrint.AbstractMachine [Information]: Executing one step (index 2, max 11, in method GenericTypeTest`1.GetValue): UnaryMetadataToken.Ldfld</Text>
      </RunInfo>
      <RunInfo computerName="capybara" outcome="Warning" timestamp="2026-04-09T15:55:38.4998214+01:00">
        <Text>Ldfld [Information]: Loading object field PawPrintTestAssembly.GenericTypeTest`1.value (type &lt;type param 0&gt;)</Text>
      </RunInfo>
      <RunInfo computerName="capybara" outcome="Warning" timestamp="2026-04-09T15:55:38.4998374+01:00">
        <Text>Program [Information]: Executed one step; active assembly: PawPrintTestAssembly</Text>
      </RunInfo>
      <RunInfo computerName="capybara" outcome="Warning" timestamp="2026-04-09T15:55:38.4998575+01:00">
        <Text>WoofWare.PawPrint.AbstractMachine [Information]: Executing one step (index 7, max 11, in method GenericTypeTest`1.GetValue): Nullary Stloc_0</Text>
      </RunInfo>
      <RunInfo computerName="capybara" outcome="Warning" timestamp="2026-04-09T15:55:38.4998739+01:00">
        <Text>Program [Information]: Executed one step; active assembly: PawPrintTestAssembly</Text>
      </RunInfo>
      <RunInfo computerName="capybara" outcome="Warning" timestamp="2026-04-09T15:55:38.4998943+01:00">
        <Text>WoofWare.PawPrint.AbstractMachine [Information]: Executing one step (index 8, max 11, in method GenericTypeTest`1.GetValue): UnaryConst.Br_s 0</Text>
      </RunInfo>
      <RunInfo computerName="capybara" outcome="Warning" timestamp="2026-04-09T15:55:38.4999120+01:00">
        <Text>Program [Information]: Executed one step; active assembly: PawPrintTestAssembly</Text>
      </RunInfo>
      <RunInfo computerName="capybara" outcome="Warning" timestamp="2026-04-09T15:55:38.4999286+01:00">
        <Text>WoofWare.PawPrint.AbstractMachine [Information]: Executing one step (index 10, max 11, in method GenericTypeTest`1.GetValue): Nullary Ldloc_0</Text>
      </RunInfo>
      <RunInfo computerName="capybara" outcome="Warning" timestamp="2026-04-09T15:55:38.4999480+01:00">
        <Text>Program [Information]: Executed one step; active assembly: PawPrintTestAssembly</Text>
      </RunInfo>
      <RunInfo computerName="capybara" outcome="Warning" timestamp="2026-04-09T15:55:38.4999662+01:00">
        <Text>WoofWare.PawPrint.AbstractMachine [Information]: Executing one step (index 11, max 11, in method GenericTypeTest`1.GetValue): Nullary Ret</Text>
      </RunInfo>
      <RunInfo computerName="capybara" outcome="Warning" timestamp="2026-04-09T15:55:38.4999863+01:00">
        <Text>Program [Information]: Executed one step; active assembly: PawPrintTestAssembly</Text>
      </RunInfo>
      <RunInfo computerName="capybara" outcome="Warning" timestamp="2026-04-09T15:55:38.5000019+01:00">
        <Text>WoofWare.PawPrint.AbstractMachine [Information]: Executing one step (index 47, max 72, in method GenericTypeTest`1.TestGenericInstantiation): UnaryStringToken.Ldstr</Text>
      </RunInfo>
      <RunInfo computerName="capybara" outcome="Warning" timestamp="2026-04-09T15:55:38.5000234+01:00">
        <Text>Program [Information]: Executed one step; active assembly: PawPrintTestAssembly</Text>
      </RunInfo>
      <RunInfo computerName="capybara" outcome="Warning" timestamp="2026-04-09T15:55:38.5000380+01:00">
        <Text>WoofWare.PawPrint.AbstractMachine [Information]: Executing one step (index 52, max 72, in method GenericTypeTest`1.TestGenericInstantiation): UnaryMetadataToken.Call</Text>
      </RunInfo>
      <RunInfo computerName="capybara" outcome="Warning" timestamp="2026-04-09T15:55:38.5000562+01:00">
        <Text>Program [Information]: Executed one step; active assembly: System.Private.CoreLib</Text>
      </RunInfo>
      <RunInfo computerName="capybara" outcome="Warning" timestamp="2026-04-09T15:55:38.5000758+01:00">
        <Text>WoofWare.PawPrint.AbstractMachine [Information]: Executing one step (index 0, max 10, in method String.op_Inequality): Nullary LdArg0</Text>
      </RunInfo>
      <RunInfo computerName="capybara" outcome="Warning" timestamp="2026-04-09T15:55:38.5000916+01:00">
        <Text>Program [Information]: Executed one step; active assembly: System.Private.CoreLib</Text>
      </RunInfo>
      <RunInfo computerName="capybara" outcome="Warning" timestamp="2026-04-09T15:55:38.5001095+01:00">
        <Text>WoofWare.PawPrint.AbstractMachine [Information]: Executing one step (index 1, max 10, in method String.op_Inequality): Nullary LdArg1</Text>
      </RunInfo>
      <RunInfo computerName="capybara" outcome="Warning" timestamp="2026-04-09T15:55:38.5001265+01:00">
        <Text>Program [Information]: Executed one step; active assembly: System.Private.CoreLib</Text>
      </RunInfo>
      <RunInfo computerName="capybara" outcome="Warning" timestamp="2026-04-09T15:55:38.5001462+01:00">
        <Text>WoofWare.PawPrint.AbstractMachine [Information]: Executing one step (index 2, max 10, in method String.op_Inequality): UnaryMetadataToken.Call</Text>
      </RunInfo>
      <RunInfo computerName="capybara" outcome="Warning" timestamp="2026-04-09T15:55:38.5001594+01:00">
        <Text>Program [Information]: Executed one step; active assembly: System.Private.CoreLib</Text>
      </RunInfo>
      <RunInfo computerName="capybara" outcome="Warning" timestamp="2026-04-09T15:55:38.5001809+01:00">
        <Text>WoofWare.PawPrint.AbstractMachine [Information]: Executing one step (index 7, max 10, in method String.op_Inequality): Nullary LdcI4_0</Text>
      </RunInfo>
      <RunInfo computerName="capybara" outcome="Warning" timestamp="2026-04-09T15:55:38.5001971+01:00">
        <Text>Program [Information]: Executed one step; active assembly: System.Private.CoreLib</Text>
      </RunInfo>
      <RunInfo computerName="capybara" outcome="Warning" timestamp="2026-04-09T15:55:38.5002186+01:00">
        <Text>WoofWare.PawPrint.AbstractMachine [Information]: Executing one step (index 8, max 10, in method String.op_Inequality): Nullary Ceq</Text>
      </RunInfo>
      <RunInfo computerName="capybara" outcome="Warning" timestamp="2026-04-09T15:55:38.5002382+01:00">
        <Text>Program [Information]: Executed one step; active assembly: System.Private.CoreLib</Text>
      </RunInfo>
      <RunInfo computerName="capybara" outcome="Warning" timestamp="2026-04-09T15:55:38.5002566+01:00">
        <Text>WoofWare.PawPrint.AbstractMachine [Information]: Executing one step (index 10, max 10, in method String.op_Inequality): Nullary Ret</Text>
      </RunInfo>
      <RunInfo computerName="capybara" outcome="Warning" timestamp="2026-04-09T15:55:38.5002736+01:00">
        <Text>Program [Information]: Executed one step; active assembly: PawPrintTestAssembly</Text>
      </RunInfo>
      <RunInfo computerName="capybara" outcome="Warning" timestamp="2026-04-09T15:55:38.5002922+01:00">
        <Text>WoofWare.PawPrint.AbstractMachine [Information]: Executing one step (index 57, max 72, in method GenericTypeTest`1.TestGenericInstantiation): UnaryConst.Stloc_s 4</Text>
      </RunInfo>
      <RunInfo computerName="capybara" outcome="Warning" timestamp="2026-04-09T15:55:38.5003149+01:00">
        <Text>Program [Information]: Executed one step; active assembly: PawPrintTestAssembly</Text>
      </RunInfo>
      <RunInfo computerName="capybara" outcome="Warning" timestamp="2026-04-09T15:55:38.5003296+01:00">
        <Text>WoofWare.PawPrint.AbstractMachine [Information]: Executing one step (index 59, max 72, in method GenericTypeTest`1.TestGenericInstantiation): UnaryConst.Ldloc_s 4</Text>
      </RunInfo>
      <RunInfo computerName="capybara" outcome="Warning" timestamp="2026-04-09T15:55:38.5003486+01:00">
        <Text>Program [Information]: Executed one step; active assembly: PawPrintTestAssembly</Text>
      </RunInfo>
      <RunInfo computerName="capybara" outcome="Warning" timestamp="2026-04-09T15:55:38.5003658+01:00">
        <Text>WoofWare.PawPrint.AbstractMachine [Information]: Executing one step (index 61, max 72, in method GenericTypeTest`1.TestGenericInstantiation): UnaryConst.Brfalse_s 4</Text>
      </RunInfo>
      <RunInfo computerName="capybara" outcome="Warning" timestamp="2026-04-09T15:55:38.5003913+01:00">
        <Text>Program [Information]: Executed one step; active assembly: PawPrintTestAssembly</Text>
      </RunInfo>
      <RunInfo computerName="capybara" outcome="Warning" timestamp="2026-04-09T15:55:38.5004130+01:00">
        <Text>WoofWare.PawPrint.AbstractMachine [Information]: Executing one step (index 67, max 72, in method GenericTypeTest`1.TestGenericInstantiation): Nullary LdcI4_0</Text>
      </RunInfo>
      <RunInfo computerName="capybara" outcome="Warning" timestamp="2026-04-09T15:55:38.5004304+01:00">
        <Text>Program [Information]: Executed one step; active assembly: PawPrintTestAssembly</Text>
      </RunInfo>
      <RunInfo computerName="capybara" outcome="Warning" timestamp="2026-04-09T15:55:38.5004507+01:00">
        <Text>WoofWare.PawPrint.AbstractMachine [Information]: Executing one step (index 68, max 72, in method GenericTypeTest`1.TestGenericInstantiation): Nullary Stloc_3</Text>
      </RunInfo>
      <RunInfo computerName="capybara" outcome="Warning" timestamp="2026-04-09T15:55:38.5004637+01:00">
        <Text>Program [Information]: Executed one step; active assembly: PawPrintTestAssembly</Text>
      </RunInfo>
      <RunInfo computerName="capybara" outcome="Warning" timestamp="2026-04-09T15:55:38.5004851+01:00">
        <Text>WoofWare.PawPrint.AbstractMachine [Information]: Executing one step (index 69, max 72, in method GenericTypeTest`1.TestGenericInstantiation): UnaryConst.Br_s 0</Text>
      </RunInfo>
      <RunInfo computerName="capybara" outcome="Warning" timestamp="2026-04-09T15:55:38.5005014+01:00">
        <Text>Program [Information]: Executed one step; active assembly: PawPrintTestAssembly</Text>
      </RunInfo>
      <RunInfo computerName="capybara" outcome="Warning" timestamp="2026-04-09T15:55:38.5005211+01:00">
        <Text>WoofWare.PawPrint.AbstractMachine [Information]: Executing one step (index 71, max 72, in method GenericTypeTest`1.TestGenericInstantiation): Nullary Ldloc_3</Text>
      </RunInfo>
      <RunInfo computerName="capybara" outcome="Warning" timestamp="2026-04-09T15:55:38.5005364+01:00">
        <Text>Program [Information]: Executed one step; active assembly: PawPrintTestAssembly</Text>
      </RunInfo>
      <RunInfo computerName="capybara" outcome="Warning" timestamp="2026-04-09T15:55:38.5005557+01:00">
        <Text>WoofWare.PawPrint.AbstractMachine [Information]: Executing one step (index 72, max 72, in method GenericTypeTest`1.TestGenericInstantiation): Nullary Ret</Text>
      </RunInfo>
      <RunInfo computerName="capybara" outcome="Warning" timestamp="2026-04-09T15:55:38.5005718+01:00">
        <Text>Program [Information]: Executed one step; active assembly: PawPrintTestAssembly</Text>
      </RunInfo>
      <RunInfo computerName="capybara" outcome="Warning" timestamp="2026-04-09T15:55:38.5005913+01:00">
        <Text>WoofWare.PawPrint.AbstractMachine [Information]: Executing one step (index 27, max 103, in method Program.Main): Nullary Stloc_0</Text>
      </RunInfo>
      <RunInfo computerName="capybara" outcome="Warning" timestamp="2026-04-09T15:55:38.5006083+01:00">
        <Text>Program [Information]: Executed one step; active assembly: PawPrintTestAssembly</Text>
      </RunInfo>
      <RunInfo computerName="capybara" outcome="Warning" timestamp="2026-04-09T15:55:38.5006262+01:00">
        <Text>WoofWare.PawPrint.AbstractMachine [Information]: Executing one step (index 28, max 103, in method Program.Main): Nullary Ldloc_0</Text>
      </RunInfo>
      <RunInfo computerName="capybara" outcome="Warning" timestamp="2026-04-09T15:55:38.5006434+01:00">
        <Text>Program [Information]: Executed one step; active assembly: PawPrintTestAssembly</Text>
      </RunInfo>
      <RunInfo computerName="capybara" outcome="Warning" timestamp="2026-04-09T15:55:38.5006615+01:00">
        <Text>WoofWare.PawPrint.AbstractMachine [Information]: Executing one step (index 29, max 103, in method Program.Main): Nullary LdcI4_0</Text>
      </RunInfo>
      <RunInfo computerName="capybara" outcome="Warning" timestamp="2026-04-09T15:55:38.5006807+01:00">
        <Text>Program [Information]: Executed one step; active assembly: PawPrintTestAssembly</Text>
      </RunInfo>
      <RunInfo computerName="capybara" outcome="Warning" timestamp="2026-04-09T15:55:38.5007005+01:00">
        <Text>WoofWare.PawPrint.AbstractMachine [Information]: Executing one step (index 30, max 103, in method Program.Main): Nullary Cgt_un</Text>
      </RunInfo>
      <RunInfo computerName="capybara" outcome="Warning" timestamp="2026-04-09T15:55:38.5020779+01:00">
        <Text>Program [Information]: Executed one step; active assembly: PawPrintTestAssembly</Text>
      </RunInfo>
      <RunInfo computerName="capybara" outcome="Warning" timestamp="2026-04-09T15:55:38.5020991+01:00">
        <Text>WoofWare.PawPrint.AbstractMachine [Information]: Executing one step (index 32, max 103, in method Program.Main): Nullary Stloc_3</Text>
      </RunInfo>
      <RunInfo computerName="capybara" outcome="Warning" timestamp="2026-04-09T15:55:38.5021191+01:00">
        <Text>Program [Information]: Executed one step; active assembly: PawPrintTestAssembly</Text>
      </RunInfo>
      <RunInfo computerName="capybara" outcome="Warning" timestamp="2026-04-09T15:55:38.5021341+01:00">
        <Text>WoofWare.PawPrint.AbstractMachine [Information]: Executing one step (index 33, max 103, in method Program.Main): Nullary Ldloc_3</Text>
      </RunInfo>
      <RunInfo computerName="capybara" outcome="Warning" timestamp="2026-04-09T15:55:38.5021542+01:00">
        <Text>Program [Information]: Executed one step; active assembly: PawPrintTestAssembly</Text>
      </RunInfo>
      <RunInfo computerName="capybara" outcome="Warning" timestamp="2026-04-09T15:55:38.5021758+01:00">
        <Text>WoofWare.PawPrint.AbstractMachine [Information]: Executing one step (index 34, max 103, in method Program.Main): UnaryConst.Brfalse_s 10</Text>
      </RunInfo>
      <RunInfo computerName="capybara" outcome="Warning" timestamp="2026-04-09T15:55:38.5021933+01:00">
        <Text>Program [Information]: Executed one step; active assembly: PawPrintTestAssembly</Text>
      </RunInfo>
      <RunInfo computerName="capybara" outcome="Warning" timestamp="2026-04-09T15:55:38.5022113+01:00">
        <Text>WoofWare.PawPrint.AbstractMachine [Information]: Executing one step (index 46, max 103, in method Program.Main): UnaryMetadataToken.Call</Text>
      </RunInfo>
    </RunInfos>
  </ResultSummary>
</TestRun>